qdir:    "c:\program files (x86)\steam\steamapps\common\counter-strike global offensive\csgo\modelsrc\surf_marvin\ramps\stage_02\ramp_01\"
gamedir: "C:\Program Files (x86)\Steam\steamapps\common\Counter-Strike Global Offensive\csgo\"
g_path:  "C:\Program Files (x86)\Steam\steamapps\common\Counter-Strike Global Offensive\csgo\modelsrc\surf_marvin\ramps\stage_02\ramp_01\ramp_01.qc"
Building binary model files...
Working on "ramp_01.qc"
SMD MODEL Viewmode.smd
SMD MODEL Collision.smd
SMD MODEL anims/idle.smd
Processing LOD for material: devgridgreen
Model has 107 convex sub-parts
WARNING: PERFORMANCE (): Collision model will not support the fastest tracing code
Collision model completed.
---------------------
writing C:\Program Files (x86)\Steam\steamapps\common\Counter-Strike Global Offensive\csgo\models/surf_marvin/ramps/stage_02/ramp_01.mdl:
bones          964 bytes (1)
   animation       x       y       ips    angle
animations     112 bytes (1 anims) (1 frames) [0:00]
sequences      220 bytes (1 seq) 
hdr@0597F0E4=7A150200
ik/pose        164 bytes
eyeballs         0 bytes (0 eyeballs)
flexes           0 bytes (0 flexes)
hdr@0597F0E4=7A150200
textures        72 bytes
keyvalues      180 bytes
hdr@0597F0DC=7A150398
hdr@0597F0E4=7A150200
bone transforms        0 bytes
bone flex driver       0 bytes
bodygroup presets       0 bytes
Collision model volume 159306752.00 in^3
collision        0 bytes
total         1948
---------------------
writing C:\Program Files (x86)\Steam\steamapps\common\Counter-Strike Global Offensive\csgo\models/surf_marvin/ramps/stage_02/ramp_01.vvd:
vertices    226560 bytes (4720 vertices)
tangents     75520 bytes (4720 vertices)
total       302144 bytes
---------------------
Generating optimized mesh "C:\Program Files (x86)\Steam\steamapps\common\Counter-Strike Global Offensive\csgo\models/surf_marvin/ramps/stage_02/ramp_01.dx90.vtx":
body parts:         8 bytes
models:            20 bytes
model LODs:        12 bytes
meshes:             9 bytes
strip groups:      33 bytes
strips:            35 bytes
verts:          42480 bytes
indices:        14160 bytes
bone changes:      16 bytes
everything:     56797 bytes
WARNING: ConVarRef r_staticlight_streams doesn't point to an existing ConVar
WARNING: ConVarRef r_staticlight_streams_indirect_only doesn't point to an existing ConVar

Completed "ramp_01.qc"
  -6.379160 16.409147 0.000000
  -1.013456 16.445284 0.000000
  -6.378448 17.265886 0.000000
  -6.378449 17.265888 0.000000
make_triangles:calc_triangle_representation: Cannot convert



