qdir:    "c:\program files (x86)\steam\steamapps\common\counter-strike global offensive\csgo\modelsrc\surf_marvin\ramps\stage_01\ramp_01\"
gamedir: "C:\Program Files (x86)\Steam\steamapps\common\Counter-Strike Global Offensive\csgo\"
g_path:  "C:\Program Files (x86)\Steam\steamapps\common\Counter-Strike Global Offensive\csgo\modelsrc\surf_marvin\ramps\stage_01\ramp_01\ramp_01.qc"
Building binary model files...
Working on "ramp_01.qc"
SMD MODEL Viewmode.smd
SMD MODEL Collision.smd
SMD MODEL anims/idle.smd
Processing LOD for material: bluegrid
Model has 48 convex sub-parts
Collision model completed.
---------------------
writing C:\Program Files (x86)\Steam\steamapps\common\Counter-Strike Global Offensive\csgo\models/surf_marvin/ramps/stage_01/ramp_01.mdl:
bones          964 bytes (1)
   animation       x       y       ips    angle
animations     112 bytes (1 anims) (1 frames) [0:00]
sequences      220 bytes (1 seq) 
hdr@00B7F204=7A090200
ik/pose        164 bytes
eyeballs         0 bytes (0 eyeballs)
flexes           0 bytes (0 flexes)
hdr@00B7F204=7A090200
textures        72 bytes
keyvalues      180 bytes
hdr@00B7F1FC=7A090398
hdr@00B7F204=7A090200
bone transforms        0 bytes
bone flex driver       0 bytes
bodygroup presets       0 bytes
Collision model volume 72821368.00 in^3
collision        0 bytes
total         1944
---------------------
writing C:\Program Files (x86)\Steam\steamapps\common\Counter-Strike Global Offensive\csgo\models/surf_marvin/ramps/stage_01/ramp_01.vvd:
vertices    101952 bytes (2124 vertices)
tangents     33984 bytes (2124 vertices)
total       136000 bytes
---------------------
Generating optimized mesh "C:\Program Files (x86)\Steam\steamapps\common\Counter-Strike Global Offensive\csgo\models/surf_marvin/ramps/stage_01/ramp_01.dx90.vtx":
body parts:         8 bytes
models:            20 bytes
model LODs:        12 bytes
meshes:             9 bytes
strip groups:      33 bytes
strips:            35 bytes
verts:          19116 bytes
indices:         6372 bytes
bone changes:      16 bytes
everything:     25645 bytes
WARNING: ConVarRef r_staticlight_streams doesn't point to an existing ConVar
WARNING: ConVarRef r_staticlight_streams_indirect_only doesn't point to an existing ConVar

Completed "ramp_01.qc"



