PRT1
432
866
4 0 2 (12928 10240 3072 ) (12288 10240 3072 ) (12288 10240 -13312 ) (12928 10240 -13312 ) 
4 0 1 (12288 10240 -13312 ) (12288 10240 3072 ) (12288 11264 3072 ) (12288 11264 -13312 ) 
4 1 4 (11264 10240 -13312 ) (11264 10240 3072 ) (11264 11264 3072 ) (11264 11264 -13312 ) 
4 1 3 (12288 10240 -13312 ) (12288 10240 3072 ) (11264 10240 3072 ) (11264 10240 -13312 ) 
4 2 26 (12928 9216 3072 ) (12288 9216 3072 ) (12288 9216 -13312 ) (12928 9216 -13312 ) 
4 2 3 (12288 10240 3072 ) (12288 10240 -13312 ) (12288 9216 -13312 ) (12288 9216 3072 ) 
4 3 27 (12288 9216 -13312 ) (12288 9216 3072 ) (11264 9216 3072 ) (11264 9216 -13312 ) 
4 3 6 (11264 9216 -13312 ) (11264 9216 3072 ) (11264 10240 3072 ) (11264 10240 -13312 ) 
4 4 6 (11264 10240 -13312 ) (11264 10240 3072 ) (10240 10240 3072 ) (10240 10240 -13312 ) 
4 4 5 (10240 10240 -13312 ) (10240 10240 3072 ) (10240 11264 3072 ) (10240 11264 -13312 ) 
4 5 8 (9216 10240 -13312 ) (9216 10240 3072 ) (9216 11264 3072 ) (9216 11264 -13312 ) 
4 5 7 (10240 10240 -13312 ) (10240 10240 3072 ) (9216 10240 3072 ) (9216 10240 -13312 ) 
4 6 30 (11264 9216 -13312 ) (11264 9216 3072 ) (10240 9216 3072 ) (10240 9216 -13312 ) 
4 6 7 (10240 10240 3072 ) (10240 10240 -13312 ) (10240 9216 -13312 ) (10240 9216 3072 ) 
4 7 31 (10240 9216 -13312 ) (10240 9216 3072 ) (9216 9216 3072 ) (9216 9216 -13312 ) 
4 7 10 (9216 9216 -13312 ) (9216 9216 3072 ) (9216 10240 3072 ) (9216 10240 -13312 ) 
4 8 10 (9216 10240 -13312 ) (9216 10240 3072 ) (8192 10240 3072 ) (8192 10240 -13312 ) 
4 8 9 (8192 10240 -13312 ) (8192 10240 3072 ) (8192 11264 3072 ) (8192 11264 -13312 ) 
4 9 12 (7168 10240 -13312 ) (7168 10240 3072 ) (7168 11264 3072 ) (7168 11264 -13312 ) 
4 9 11 (8192 10240 -13312 ) (8192 10240 3072 ) (7168 10240 3072 ) (7168 10240 -13312 ) 
4 10 62 (9216 9216 -13312 ) (9216 9216 3072 ) (8192 9216 3072 ) (8192 9216 -13312 ) 
4 10 11 (8192 10240 3072 ) (8192 10240 -13312 ) (8192 9216 -13312 ) (8192 9216 3072 ) 
4 11 63 (8192 9216 -13312 ) (8192 9216 3072 ) (7168 9216 3072 ) (7168 9216 -13312 ) 
4 11 14 (7168 9216 -13312 ) (7168 9216 3072 ) (7168 10240 3072 ) (7168 10240 -13312 ) 
4 12 14 (7168 10240 -13312 ) (7168 10240 3072 ) (6144 10240 3072 ) (6144 10240 -13312 ) 
4 12 13 (6144 10240 -13312 ) (6144 10240 3072 ) (6144 11264 3072 ) (6144 11264 -13312 ) 
4 13 16 (5120 10240 -13312 ) (5120 10240 3072 ) (5120 11264 3072 ) (5120 11264 -13312 ) 
4 13 15 (5120 10240 3072 ) (5120 10240 -13312 ) (6144 10240 -13312 ) (6144 10240 3072 ) 
4 14 66 (7168 9216 -13312 ) (7168 9216 3072 ) (6144 9216 3072 ) (6144 9216 -13312 ) 
4 14 15 (6144 10240 3072 ) (6144 10240 -13312 ) (6144 9216 -13312 ) (6144 9216 3072 ) 
4 15 67 (6144 9216 -13312 ) (6144 9216 3072 ) (5120 9216 3072 ) (5120 9216 -13312 ) 
4 15 18 (5120 9216 -13312 ) (5120 9216 3072 ) (5120 10240 3072 ) (5120 10240 -13312 ) 
4 16 18 (5120 10240 -13312 ) (5120 10240 3072 ) (4096 10240 3072 ) (4096 10240 -13312 ) 
4 16 17 (4096 11264 3072 ) (4096 11264 -13312 ) (4096 10240 -13312 ) (4096 10240 3072 ) 
4 17 20 (3072 10240 -13312 ) (3072 10240 3072 ) (3072 11264 3072 ) (3072 11264 -13312 ) 
4 17 19 (3072 10240 3072 ) (3072 10240 -13312 ) (4096 10240 -13312 ) (4096 10240 3072 ) 
4 18 78 (5120 9216 -13312 ) (5120 9216 3072 ) (4096 9216 3072 ) (4096 9216 -13312 ) 
4 18 19 (4096 10240 3072 ) (4096 10240 -13312 ) (4096 9216 -13312 ) (4096 9216 3072 ) 
4 19 79 (4096 9216 -13312 ) (4096 9216 3072 ) (3072 9216 3072 ) (3072 9216 -13312 ) 
4 19 21 (3072 9216 -13312 ) (3072 9216 3072 ) (3072 10240 3072 ) (3072 10240 -13312 ) 
4 20 22 (2048 10240 -13312 ) (2048 10240 3072 ) (2048 11264 3072 ) (2048 11264 -13312 ) 
4 20 21 (3072 10240 -13312 ) (3072 10240 3072 ) (2048 10240 3072 ) (2048 10240 -13312 ) 
4 21 86 (3072 9216 -13312 ) (3072 9216 3072 ) (2048 9216 3072 ) (2048 9216 -13312 ) 
4 21 24 (2048 9216 -13312 ) (2048 9216 3072 ) (2048 10240 3072 ) (2048 10240 -13312 ) 
4 22 24 (2048 10240 -13312 ) (2048 10240 3072 ) (1024 10240 3072 ) (1024 10240 -13312 ) 
4 22 23 (1024 10240 -13312 ) (1024 10240 3072 ) (1024 11264 3072 ) (1024 11264 -13312 ) 
4 23 143 (0 10240 -13312 ) (0 10240 3072 ) (0 11264 3072 ) (0 11264 -13312 ) 
4 23 25 (0 10240 3072 ) (0 10240 -13312 ) (1024 10240 -13312 ) (1024 10240 3072 ) 
4 24 88 (2048 9216 -13312 ) (2048 9216 3072 ) (1024 9216 3072 ) (1024 9216 -13312 ) 
4 24 25 (1024 10240 3072 ) (1024 10240 -13312 ) (1024 9216 -13312 ) (1024 9216 3072 ) 
4 25 145 (0 9216 -13312 ) (0 9216 3072 ) (0 10240 3072 ) (0 10240 -13312 ) 
4 25 89 (1024 9216 -13312 ) (1024 9216 3072 ) (0 9216 3072 ) (0 9216 -13312 ) 
4 26 28 (12928 8192 3072 ) (12288 8192 3072 ) (12288 8192 -13312 ) (12928 8192 -13312 ) 
4 26 27 (12288 9216 3072 ) (12288 9216 -13312 ) (12288 8192 -13312 ) (12288 8192 3072 ) 
4 27 30 (11264 9216 3072 ) (11264 9216 -13312 ) (11264 8192 -13312 ) (11264 8192 3072 ) 
4 27 29 (12288 8192 -13312 ) (12288 8192 3072 ) (11264 8192 3072 ) (11264 8192 -13312 ) 
4 28 34 (12928 7168 3072 ) (12288 7168 3072 ) (12288 7168 -13312 ) (12928 7168 -13312 ) 
4 28 29 (12288 8192 3072 ) (12288 8192 -13312 ) (12288 7168 -13312 ) (12288 7168 3072 ) 
4 29 35 (12288 7168 -13312 ) (12288 7168 3072 ) (11264 7168 3072 ) (11264 7168 -13312 ) 
4 29 32 (11264 7168 -13312 ) (11264 7168 3072 ) (11264 8192 3072 ) (11264 8192 -13312 ) 
4 30 32 (11264 8192 -13312 ) (11264 8192 3072 ) (10240 8192 3072 ) (10240 8192 -13312 ) 
4 30 31 (10240 9216 3072 ) (10240 9216 -13312 ) (10240 8192 -13312 ) (10240 8192 3072 ) 
4 31 62 (9216 9216 3072 ) (9216 9216 -13312 ) (9216 8192 -13312 ) (9216 8192 3072 ) 
4 31 33 (10240 8192 -13312 ) (10240 8192 3072 ) (9216 8192 3072 ) (9216 8192 -13312 ) 
4 32 38 (11264 7168 -13312 ) (11264 7168 3072 ) (10240 7168 3072 ) (10240 7168 -13312 ) 
4 32 33 (10240 8192 3072 ) (10240 8192 -13312 ) (10240 7168 -13312 ) (10240 7168 3072 ) 
4 33 64 (9216 7168 -13312 ) (9216 7168 3072 ) (9216 8192 3072 ) (9216 8192 -13312 ) 
4 33 39 (10240 7168 -13312 ) (10240 7168 3072 ) (9216 7168 3072 ) (9216 7168 -13312 ) 
4 34 36 (12928 6144 3072 ) (12288 6144 3072 ) (12288 6144 -13312 ) (12928 6144 -13312 ) 
4 34 35 (12288 7168 3072 ) (12288 7168 -13312 ) (12288 6144 -13312 ) (12288 6144 3072 ) 
4 35 38 (11264 7168 3072 ) (11264 7168 -13312 ) (11264 6144 -13312 ) (11264 6144 3072 ) 
4 35 37 (12288 6144 -13312 ) (12288 6144 3072 ) (11264 6144 3072 ) (11264 6144 -13312 ) 
4 36 42 (12928 5120 3072 ) (12288 5120 3072 ) (12288 5120 -13312 ) (12928 5120 -13312 ) 
4 36 37 (12288 6144 3072 ) (12288 6144 -13312 ) (12288 5120 -13312 ) (12288 5120 3072 ) 
4 37 43 (12288 5120 -13312 ) (12288 5120 3072 ) (11264 5120 3072 ) (11264 5120 -13312 ) 
4 37 40 (11264 5120 -13312 ) (11264 5120 3072 ) (11264 6144 3072 ) (11264 6144 -13312 ) 
4 38 40 (11264 6144 -13312 ) (11264 6144 3072 ) (10240 6144 3072 ) (10240 6144 -13312 ) 
4 38 39 (10240 7168 3072 ) (10240 7168 -13312 ) (10240 6144 -13312 ) (10240 6144 3072 ) 
4 39 70 (9216 6144 -13312 ) (9216 6144 3072 ) (9216 7168 3072 ) (9216 7168 -13312 ) 
4 39 41 (10240 6144 -13312 ) (10240 6144 3072 ) (9216 6144 3072 ) (9216 6144 -13312 ) 
4 40 46 (11264 5120 -13312 ) (11264 5120 3072 ) (10240 5120 3072 ) (10240 5120 -13312 ) 
4 40 41 (10240 6144 3072 ) (10240 6144 -13312 ) (10240 5120 -13312 ) (10240 5120 3072 ) 
4 41 72 (9216 5120 -13312 ) (9216 5120 3072 ) (9216 6144 3072 ) (9216 6144 -13312 ) 
4 41 47 (10240 5120 -13312 ) (10240 5120 3072 ) (9216 5120 3072 ) (9216 5120 -13312 ) 
4 42 44 (12928 4096 3072 ) (12288 4096 3072 ) (12288 4096 -13312 ) (12928 4096 -13312 ) 
4 42 43 (12288 5120 3072 ) (12288 5120 -13312 ) (12288 4096 -13312 ) (12288 4096 3072 ) 
4 43 46 (11264 5120 3072 ) (11264 5120 -13312 ) (11264 4096 -13312 ) (11264 4096 3072 ) 
4 43 45 (12288 4096 -13312 ) (12288 4096 3072 ) (11264 4096 3072 ) (11264 4096 -13312 ) 
4 44 50 (12928 3072 3072 ) (12288 3072 3072 ) (12288 3072 -13312 ) (12928 3072 -13312 ) 
4 44 45 (12288 4096 3072 ) (12288 4096 -13312 ) (12288 3072 -13312 ) (12288 3072 3072 ) 
4 45 51 (12288 3072 -13312 ) (12288 3072 3072 ) (11264 3072 3072 ) (11264 3072 -13312 ) 
4 45 48 (11264 3072 -13312 ) (11264 3072 3072 ) (11264 4096 3072 ) (11264 4096 -13312 ) 
4 46 48 (11264 4096 -13312 ) (11264 4096 3072 ) (10240 4096 3072 ) (10240 4096 -13312 ) 
4 46 47 (10240 5120 3072 ) (10240 5120 -13312 ) (10240 4096 -13312 ) (10240 4096 3072 ) 
4 47 98 (9216 4096 -13312 ) (9216 4096 3072 ) (9216 5120 3072 ) (9216 5120 -13312 ) 
4 47 49 (10240 4096 -13312 ) (10240 4096 3072 ) (9216 4096 3072 ) (9216 4096 -13312 ) 
4 48 56 (11264 3072 -13312 ) (11264 3072 3072 ) (10240 3072 3072 ) (10240 3072 -13312 ) 
4 48 49 (10240 4096 3072 ) (10240 4096 -13312 ) (10240 3072 -13312 ) (10240 3072 3072 ) 
4 49 100 (9216 3072 -13312 ) (9216 3072 3072 ) (9216 4096 3072 ) (9216 4096 -13312 ) 
4 49 57 (10240 3072 -13312 ) (10240 3072 3072 ) (9216 3072 3072 ) (9216 3072 -13312 ) 
4 50 52 (12928 2048 3072 ) (12288 2048 3072 ) (12288 2048 -13312 ) (12928 2048 -13312 ) 
4 50 51 (12288 3072 3072 ) (12288 3072 -13312 ) (12288 2048 -13312 ) (12288 2048 3072 ) 
4 51 56 (11264 3072 3072 ) (11264 3072 -13312 ) (11264 2048 -13312 ) (11264 2048 3072 ) 
4 51 53 (12288 2048 -13312 ) (12288 2048 3072 ) (11264 2048 3072 ) (11264 2048 -13312 ) 
4 52 54 (12928 1024 3072 ) (12288 1024 3072 ) (12288 1024 -13312 ) (12928 1024 -13312 ) 
4 52 53 (12288 1024 -13312 ) (12288 1024 3072 ) (12288 2048 3072 ) (12288 2048 -13312 ) 
4 53 58 (11264 1024 -13312 ) (11264 1024 3072 ) (11264 2048 3072 ) (11264 2048 -13312 ) 
4 53 55 (11264 1024 3072 ) (11264 1024 -13312 ) (12288 1024 -13312 ) (12288 1024 3072 ) 
4 54 187 (12928 0 3072 ) (12288 0 3072 ) (12288 0 -13312 ) (12928 0 -13312 ) 
4 54 55 (12288 1024 3072 ) (12288 1024 -13312 ) (12288 0 -13312 ) (12288 0 3072 ) 
4 55 188 (12288 0 -13312 ) (12288 0 3072 ) (11264 0 3072 ) (11264 0 -13312 ) 
4 55 60 (11264 0 -13312 ) (11264 0 3072 ) (11264 1024 3072 ) (11264 1024 -13312 ) 
4 56 58 (11264 2048 -13312 ) (11264 2048 3072 ) (10240 2048 3072 ) (10240 2048 -13312 ) 
4 56 57 (10240 3072 3072 ) (10240 3072 -13312 ) (10240 2048 -13312 ) (10240 2048 3072 ) 
4 57 106 (9216 2048 -13312 ) (9216 2048 3072 ) (9216 3072 3072 ) (9216 3072 -13312 ) 
4 57 59 (10240 2048 -13312 ) (10240 2048 3072 ) (9216 2048 3072 ) (9216 2048 -13312 ) 
4 58 60 (11264 1024 -13312 ) (11264 1024 3072 ) (10240 1024 3072 ) (10240 1024 -13312 ) 
4 58 59 (10240 1024 -13312 ) (10240 1024 3072 ) (10240 2048 3072 ) (10240 2048 -13312 ) 
4 59 108 (9216 1024 -13312 ) (9216 1024 3072 ) (9216 2048 3072 ) (9216 2048 -13312 ) 
4 59 61 (9216 1024 3072 ) (9216 1024 -13312 ) (10240 1024 -13312 ) (10240 1024 3072 ) 
4 60 191 (11264 0 -13312 ) (11264 0 3072 ) (10240 0 3072 ) (10240 0 -13312 ) 
4 60 61 (10240 1024 3072 ) (10240 1024 -13312 ) (10240 0 -13312 ) (10240 0 3072 ) 
4 61 192 (10240 0 -13312 ) (10240 0 3072 ) (9216 0 3072 ) (9216 0 -13312 ) 
4 61 110 (9216 0 -13312 ) (9216 0 3072 ) (9216 1024 3072 ) (9216 1024 -13312 ) 
4 62 64 (9216 8192 -13312 ) (9216 8192 3072 ) (8192 8192 3072 ) (8192 8192 -13312 ) 
4 62 63 (8192 9216 3072 ) (8192 9216 -13312 ) (8192 8192 -13312 ) (8192 8192 3072 ) 
4 63 66 (7168 9216 3072 ) (7168 9216 -13312 ) (7168 8192 -13312 ) (7168 8192 3072 ) 
4 63 65 (8192 8192 -13312 ) (8192 8192 3072 ) (7168 8192 3072 ) (7168 8192 -13312 ) 
4 64 70 (9216 7168 -13312 ) (9216 7168 3072 ) (8192 7168 3072 ) (8192 7168 -13312 ) 
4 64 65 (8192 8192 3072 ) (8192 8192 -13312 ) (8192 7168 -13312 ) (8192 7168 3072 ) 
4 65 71 (8192 7168 -13312 ) (8192 7168 3072 ) (7168 7168 3072 ) (7168 7168 -13312 ) 
4 65 68 (7168 7168 -13312 ) (7168 7168 3072 ) (7168 8192 3072 ) (7168 8192 -13312 ) 
4 66 68 (7168 8192 -13312 ) (7168 8192 3072 ) (6144 8192 3072 ) (6144 8192 -13312 ) 
4 66 67 (6144 9216 3072 ) (6144 9216 -13312 ) (6144 8192 -13312 ) (6144 8192 3072 ) 
4 67 78 (5120 9216 3072 ) (5120 9216 -13312 ) (5120 8192 -13312 ) (5120 8192 3072 ) 
4 67 69 (6144 8192 -13312 ) (6144 8192 3072 ) (5120 8192 3072 ) (5120 8192 -13312 ) 
4 68 74 (7168 7168 -13312 ) (7168 7168 3072 ) (6144 7168 3072 ) (6144 7168 -13312 ) 
4 68 69 (6144 8192 3072 ) (6144 8192 -13312 ) (6144 7168 -13312 ) (6144 7168 3072 ) 
4 69 80 (5120 7168 -13312 ) (5120 7168 3072 ) (5120 8192 3072 ) (5120 8192 -13312 ) 
4 69 75 (6144 7168 -13312 ) (6144 7168 3072 ) (5120 7168 3072 ) (5120 7168 -13312 ) 
4 70 72 (9216 6144 -13312 ) (9216 6144 3072 ) (8192 6144 3072 ) (8192 6144 -13312 ) 
4 70 71 (8192 7168 3072 ) (8192 7168 -13312 ) (8192 6144 -13312 ) (8192 6144 3072 ) 
4 71 74 (7168 7168 3072 ) (7168 7168 -13312 ) (7168 6144 -13312 ) (7168 6144 3072 ) 
4 71 73 (8192 6144 -13312 ) (8192 6144 3072 ) (7168 6144 3072 ) (7168 6144 -13312 ) 
4 72 98 (9216 5120 -13312 ) (9216 5120 3072 ) (8192 5120 3072 ) (8192 5120 -13312 ) 
4 72 73 (8192 6144 3072 ) (8192 6144 -13312 ) (8192 5120 -13312 ) (8192 5120 3072 ) 
4 73 99 (8192 5120 -13312 ) (8192 5120 3072 ) (7168 5120 3072 ) (7168 5120 -13312 ) 
4 73 76 (7168 5120 -13312 ) (7168 5120 3072 ) (7168 6144 3072 ) (7168 6144 -13312 ) 
4 74 76 (7168 6144 -13312 ) (7168 6144 3072 ) (6144 6144 3072 ) (6144 6144 -13312 ) 
4 74 75 (6144 7168 3072 ) (6144 7168 -13312 ) (6144 6144 -13312 ) (6144 6144 3072 ) 
4 75 82 (5120 6144 -13312 ) (5120 6144 3072 ) (5120 7168 3072 ) (5120 7168 -13312 ) 
4 75 77 (6144 6144 -13312 ) (6144 6144 3072 ) (5120 6144 3072 ) (5120 6144 -13312 ) 
4 76 102 (7168 5120 -13312 ) (7168 5120 3072 ) (6144 5120 3072 ) (6144 5120 -13312 ) 
4 76 77 (6144 6144 3072 ) (6144 6144 -13312 ) (6144 5120 -13312 ) (6144 5120 3072 ) 
4 77 103 (6144 5120 -13312 ) (6144 5120 3072 ) (5120 5120 3072 ) (5120 5120 -13312 ) 
4 77 84 (5120 5120 -13312 ) (5120 5120 3072 ) (5120 6144 3072 ) (5120 6144 -13312 ) 
4 78 80 (5120 8192 -13312 ) (5120 8192 3072 ) (4096 8192 3072 ) (4096 8192 -13312 ) 
4 78 79 (4096 9216 3072 ) (4096 9216 -13312 ) (4096 8192 -13312 ) (4096 8192 3072 ) 
4 79 86 (3072 8192 -13312 ) (3072 8192 3072 ) (3072 9216 3072 ) (3072 9216 -13312 ) 
4 79 81 (3072 8192 3072 ) (3072 8192 -13312 ) (4096 8192 -13312 ) (4096 8192 3072 ) 
4 80 82 (5120 7168 -13312 ) (5120 7168 3072 ) (4096 7168 3072 ) (4096 7168 -13312 ) 
4 80 81 (4096 8192 3072 ) (4096 8192 -13312 ) (4096 7168 -13312 ) (4096 7168 3072 ) 
4 81 87 (3072 7168 -13312 ) (3072 7168 3072 ) (3072 8192 3072 ) (3072 8192 -13312 ) 
4 81 83 (4096 7168 -13312 ) (4096 7168 3072 ) (3072 7168 3072 ) (3072 7168 -13312 ) 
4 82 84 (5120 6144 -13312 ) (5120 6144 3072 ) (4096 6144 3072 ) (4096 6144 -13312 ) 
4 82 83 (4096 6144 -13312 ) (4096 6144 3072 ) (4096 7168 3072 ) (4096 7168 -13312 ) 
4 83 92 (3072 6144 -13312 ) (3072 6144 3072 ) (3072 7168 3072 ) (3072 7168 -13312 ) 
4 83 85 (3072 6144 3072 ) (3072 6144 -13312 ) (4096 6144 -13312 ) (4096 6144 3072 ) 
4 84 118 (5120 5120 -13312 ) (5120 5120 3072 ) (4096 5120 3072 ) (4096 5120 -13312 ) 
4 84 85 (4096 6144 3072 ) (4096 6144 -13312 ) (4096 5120 -13312 ) (4096 5120 3072 ) 
4 85 119 (4096 5120 -13312 ) (4096 5120 3072 ) (3072 5120 3072 ) (3072 5120 -13312 ) 
4 85 93 (3072 5120 -13312 ) (3072 5120 3072 ) (3072 6144 3072 ) (3072 6144 -13312 ) 
4 86 88 (2048 8192 -13312 ) (2048 8192 3072 ) (2048 9216 3072 ) (2048 9216 -13312 ) 
4 86 87 (3072 8192 -13312 ) (3072 8192 3072 ) (2048 8192 3072 ) (2048 8192 -13312 ) 
4 87 92 (3072 7168 -13312 ) (3072 7168 3072 ) (2048 7168 3072 ) (2048 7168 -13312 ) 
4 87 90 (2048 7168 -13312 ) (2048 7168 3072 ) (2048 8192 3072 ) (2048 8192 -13312 ) 
4 88 90 (2048 8192 -13312 ) (2048 8192 3072 ) (1024 8192 3072 ) (1024 8192 -13312 ) 
4 88 89 (1024 8192 -13312 ) (1024 8192 3072 ) (1024 9216 3072 ) (1024 9216 -13312 ) 
4 89 151 (0 8192 -13312 ) (0 8192 3072 ) (0 9216 3072 ) (0 9216 -13312 ) 
4 89 91 (0 8192 3072 ) (0 8192 -13312 ) (1024 8192 -13312 ) (1024 8192 3072 ) 
4 90 94 (2048 7168 -13312 ) (2048 7168 3072 ) (1024 7168 3072 ) (1024 7168 -13312 ) 
4 90 91 (1024 8192 3072 ) (1024 8192 -13312 ) (1024 7168 -13312 ) (1024 7168 3072 ) 
4 91 153 (0 7168 -13312 ) (0 7168 3072 ) (0 8192 3072 ) (0 8192 -13312 ) 
4 91 95 (0 7168 3072 ) (0 7168 -13312 ) (1024 7168 -13312 ) (1024 7168 3072 ) 
4 92 94 (2048 7168 3072 ) (2048 7168 -13312 ) (2048 6144 -13312 ) (2048 6144 3072 ) 
4 92 93 (3072 6144 -13312 ) (3072 6144 3072 ) (2048 6144 3072 ) (2048 6144 -13312 ) 
4 93 122 (3072 5120 -13312 ) (3072 5120 3072 ) (2048 5120 3072 ) (2048 5120 -13312 ) 
4 93 96 (2048 5120 -13312 ) (2048 5120 3072 ) (2048 6144 3072 ) (2048 6144 -13312 ) 
4 94 96 (2048 6144 -13312 ) (2048 6144 3072 ) (1024 6144 3072 ) (1024 6144 -13312 ) 
4 94 95 (1024 7168 3072 ) (1024 7168 -13312 ) (1024 6144 -13312 ) (1024 6144 3072 ) 
4 95 159 (0 6144 -13312 ) (0 6144 3072 ) (0 7168 3072 ) (0 7168 -13312 ) 
4 95 97 (0 6144 3072 ) (0 6144 -13312 ) (1024 6144 -13312 ) (1024 6144 3072 ) 
4 96 124 (2048 5120 -13312 ) (2048 5120 3072 ) (1024 5120 3072 ) (1024 5120 -13312 ) 
4 96 97 (1024 6144 3072 ) (1024 6144 -13312 ) (1024 5120 -13312 ) (1024 5120 3072 ) 
4 97 161 (0 5120 -13312 ) (0 5120 3072 ) (0 6144 3072 ) (0 6144 -13312 ) 
4 97 125 (1024 5120 -13312 ) (1024 5120 3072 ) (0 5120 3072 ) (0 5120 -13312 ) 
4 98 100 (9216 4096 -13312 ) (9216 4096 3072 ) (8192 4096 3072 ) (8192 4096 -13312 ) 
4 98 99 (8192 5120 3072 ) (8192 5120 -13312 ) (8192 4096 -13312 ) (8192 4096 3072 ) 
4 99 102 (7168 5120 3072 ) (7168 5120 -13312 ) (7168 4096 -13312 ) (7168 4096 3072 ) 
4 99 101 (8192 4096 -13312 ) (8192 4096 3072 ) (7168 4096 3072 ) (7168 4096 -13312 ) 
4 100 106 (9216 3072 -13312 ) (9216 3072 3072 ) (8192 3072 3072 ) (8192 3072 -13312 ) 
4 100 101 (8192 4096 3072 ) (8192 4096 -13312 ) (8192 3072 -13312 ) (8192 3072 3072 ) 
4 101 107 (8192 3072 -13312 ) (8192 3072 3072 ) (7168 3072 3072 ) (7168 3072 -13312 ) 
4 101 104 (7168 3072 -13312 ) (7168 3072 3072 ) (7168 4096 3072 ) (7168 4096 -13312 ) 
4 102 104 (7168 4096 -13312 ) (7168 4096 3072 ) (6144 4096 3072 ) (6144 4096 -13312 ) 
4 102 103 (6144 5120 3072 ) (6144 5120 -13312 ) (6144 4096 -13312 ) (6144 4096 3072 ) 
4 103 118 (5120 5120 3072 ) (5120 5120 -13312 ) (5120 4096 -13312 ) (5120 4096 3072 ) 
4 103 105 (6144 4096 -13312 ) (6144 4096 3072 ) (5120 4096 3072 ) (5120 4096 -13312 ) 
4 104 112 (7168 3072 -13312 ) (7168 3072 3072 ) (6144 3072 3072 ) (6144 3072 -13312 ) 
4 104 105 (6144 4096 3072 ) (6144 4096 -13312 ) (6144 3072 -13312 ) (6144 3072 3072 ) 
4 105 120 (5120 3072 -13312 ) (5120 3072 3072 ) (5120 4096 3072 ) (5120 4096 -13312 ) 
4 105 113 (6144 3072 -13312 ) (6144 3072 3072 ) (5120 3072 3072 ) (5120 3072 -13312 ) 
4 106 108 (9216 2048 -13312 ) (9216 2048 3072 ) (8192 2048 3072 ) (8192 2048 -13312 ) 
4 106 107 (8192 3072 3072 ) (8192 3072 -13312 ) (8192 2048 -13312 ) (8192 2048 3072 ) 
4 107 112 (7168 3072 3072 ) (7168 3072 -13312 ) (7168 2048 -13312 ) (7168 2048 3072 ) 
4 107 109 (8192 2048 -13312 ) (8192 2048 3072 ) (7168 2048 3072 ) (7168 2048 -13312 ) 
4 108 110 (9216 1024 -13312 ) (9216 1024 3072 ) (8192 1024 3072 ) (8192 1024 -13312 ) 
4 108 109 (8192 1024 -13312 ) (8192 1024 3072 ) (8192 2048 3072 ) (8192 2048 -13312 ) 
4 109 114 (7168 1024 -13312 ) (7168 1024 3072 ) (7168 2048 3072 ) (7168 2048 -13312 ) 
4 109 111 (7168 1024 3072 ) (7168 1024 -13312 ) (8192 1024 -13312 ) (8192 1024 3072 ) 
4 110 219 (9216 0 -13312 ) (9216 0 3072 ) (8192 0 3072 ) (8192 0 -13312 ) 
4 110 111 (8192 1024 3072 ) (8192 1024 -13312 ) (8192 0 -13312 ) (8192 0 3072 ) 
4 111 220 (8192 0 -13312 ) (8192 0 3072 ) (7168 0 3072 ) (7168 0 -13312 ) 
4 111 116 (7168 0 -13312 ) (7168 0 3072 ) (7168 1024 3072 ) (7168 1024 -13312 ) 
4 112 114 (7168 2048 -13312 ) (7168 2048 3072 ) (6144 2048 3072 ) (6144 2048 -13312 ) 
4 112 113 (6144 3072 3072 ) (6144 3072 -13312 ) (6144 2048 -13312 ) (6144 2048 3072 ) 
4 113 128 (5120 2048 -13312 ) (5120 2048 3072 ) (5120 3072 3072 ) (5120 3072 -13312 ) 
4 113 115 (6144 2048 -13312 ) (6144 2048 3072 ) (5120 2048 3072 ) (5120 2048 -13312 ) 
4 114 116 (7168 1024 -13312 ) (7168 1024 3072 ) (6144 1024 3072 ) (6144 1024 -13312 ) 
4 114 115 (6144 1024 -13312 ) (6144 1024 3072 ) (6144 2048 3072 ) (6144 2048 -13312 ) 
4 115 130 (5120 1024 -13312 ) (5120 1024 3072 ) (5120 2048 3072 ) (5120 2048 -13312 ) 
4 115 117 (5120 1024 3072 ) (5120 1024 -13312 ) (6144 1024 -13312 ) (6144 1024 3072 ) 
4 116 223 (7168 0 -13312 ) (7168 0 3072 ) (6144 0 3072 ) (6144 0 -13312 ) 
4 116 117 (6144 1024 3072 ) (6144 1024 -13312 ) (6144 0 -13312 ) (6144 0 3072 ) 
4 117 224 (6144 0 -13312 ) (6144 0 3072 ) (5120 0 3072 ) (5120 0 -13312 ) 
4 117 132 (5120 0 -13312 ) (5120 0 3072 ) (5120 1024 3072 ) (5120 1024 -13312 ) 
4 118 120 (5120 4096 -13312 ) (5120 4096 3072 ) (4096 4096 3072 ) (4096 4096 -13312 ) 
4 118 119 (4096 5120 3072 ) (4096 5120 -13312 ) (4096 4096 -13312 ) (4096 4096 3072 ) 
4 119 122 (3072 5120 3072 ) (3072 5120 -13312 ) (3072 4096 -13312 ) (3072 4096 3072 ) 
4 119 121 (4096 4096 -13312 ) (4096 4096 3072 ) (3072 4096 3072 ) (3072 4096 -13312 ) 
4 120 128 (5120 3072 -13312 ) (5120 3072 3072 ) (4096 3072 3072 ) (4096 3072 -13312 ) 
4 120 121 (4096 4096 3072 ) (4096 4096 -13312 ) (4096 3072 -13312 ) (4096 3072 3072 ) 
4 121 129 (4096 3072 -13312 ) (4096 3072 3072 ) (3072 3072 3072 ) (3072 3072 -13312 ) 
4 121 123 (3072 3072 -13312 ) (3072 3072 3072 ) (3072 4096 3072 ) (3072 4096 -13312 ) 
4 122 124 (2048 4096 -13312 ) (2048 4096 3072 ) (2048 5120 3072 ) (2048 5120 -13312 ) 
4 122 123 (3072 4096 -13312 ) (3072 4096 3072 ) (2048 4096 3072 ) (2048 4096 -13312 ) 
4 123 134 (3072 3072 -13312 ) (3072 3072 3072 ) (2048 3072 3072 ) (2048 3072 -13312 ) 
4 123 126 (2048 3072 -13312 ) (2048 3072 3072 ) (2048 4096 3072 ) (2048 4096 -13312 ) 
4 124 126 (2048 4096 -13312 ) (2048 4096 3072 ) (1024 4096 3072 ) (1024 4096 -13312 ) 
4 124 125 (1024 4096 -13312 ) (1024 4096 3072 ) (1024 5120 3072 ) (1024 5120 -13312 ) 
4 125 167 (0 4096 -13312 ) (0 4096 3072 ) (0 5120 3072 ) (0 5120 -13312 ) 
4 125 127 (0 4096 3072 ) (0 4096 -13312 ) (1024 4096 -13312 ) (1024 4096 3072 ) 
4 126 135 (2048 3072 -13312 ) (2048 3072 3072 ) (1024 3072 3072 ) (1024 3072 -13312 ) 
4 126 127 (1024 4096 3072 ) (1024 4096 -13312 ) (1024 3072 -13312 ) (1024 3072 3072 ) 
4 127 169 (0 3072 -13312 ) (0 3072 3072 ) (0 4096 3072 ) (0 4096 -13312 ) 
4 127 136 (1024 3072 -13312 ) (1024 3072 3072 ) (0 3072 3072 ) (0 3072 -13312 ) 
4 128 130 (5120 2048 -13312 ) (5120 2048 3072 ) (4096 2048 3072 ) (4096 2048 -13312 ) 
4 128 129 (4096 3072 3072 ) (4096 3072 -13312 ) (4096 2048 -13312 ) (4096 2048 3072 ) 
4 129 134 (3072 3072 3072 ) (3072 3072 -13312 ) (3072 2048 -13312 ) (3072 2048 3072 ) 
4 129 131 (4096 2048 -13312 ) (4096 2048 3072 ) (3072 2048 3072 ) (3072 2048 -13312 ) 
4 130 132 (5120 1024 -13312 ) (5120 1024 3072 ) (4096 1024 3072 ) (4096 1024 -13312 ) 
4 130 131 (4096 1024 -13312 ) (4096 1024 3072 ) (4096 2048 3072 ) (4096 2048 -13312 ) 
4 131 137 (3072 1024 -13312 ) (3072 1024 3072 ) (3072 2048 3072 ) (3072 2048 -13312 ) 
4 131 133 (3072 1024 3072 ) (3072 1024 -13312 ) (4096 1024 -13312 ) (4096 1024 3072 ) 
4 132 251 (5120 0 -13312 ) (5120 0 3072 ) (4096 0 3072 ) (4096 0 -13312 ) 
4 132 133 (4096 1024 3072 ) (4096 1024 -13312 ) (4096 0 -13312 ) (4096 0 3072 ) 
4 133 252 (4096 0 -13312 ) (4096 0 3072 ) (3072 0 3072 ) (3072 0 -13312 ) 
4 133 138 (3072 0 -13312 ) (3072 0 3072 ) (3072 1024 3072 ) (3072 1024 -13312 ) 
4 134 137 (3072 2048 -13312 ) (3072 2048 3072 ) (2048 2048 3072 ) (2048 2048 -13312 ) 
4 134 135 (2048 3072 3072 ) (2048 3072 -13312 ) (2048 2048 -13312 ) (2048 2048 3072 ) 
4 135 139 (2048 2048 -13312 ) (2048 2048 3072 ) (1024 2048 3072 ) (1024 2048 -13312 ) 
4 135 136 (1024 2048 -13312 ) (1024 2048 3072 ) (1024 3072 3072 ) (1024 3072 -13312 ) 
4 136 175 (0 2048 -13312 ) (0 2048 3072 ) (0 3072 3072 ) (0 3072 -13312 ) 
4 136 140 (1024 2048 -13312 ) (1024 2048 3072 ) (0 2048 3072 ) (0 2048 -13312 ) 
4 137 139 (2048 2048 3072 ) (2048 2048 -13312 ) (2048 1024 -13312 ) (2048 1024 3072 ) 
4 137 138 (3072 1024 -13312 ) (3072 1024 3072 ) (2048 1024 3072 ) (2048 1024 -13312 ) 
4 138 259 (3072 0 -13312 ) (3072 0 3072 ) (2048 0 3072 ) (2048 0 -13312 ) 
4 138 141 (2048 0 -13312 ) (2048 0 3072 ) (2048 1024 3072 ) (2048 1024 -13312 ) 
4 139 141 (2048 1024 -13312 ) (2048 1024 3072 ) (1024 1024 3072 ) (1024 1024 -13312 ) 
4 139 140 (1024 2048 3072 ) (1024 2048 -13312 ) (1024 1024 -13312 ) (1024 1024 3072 ) 
4 140 177 (0 1024 -13312 ) (0 1024 3072 ) (0 2048 3072 ) (0 2048 -13312 ) 
4 140 142 (1024 1024 -13312 ) (1024 1024 3072 ) (0 1024 3072 ) (0 1024 -13312 ) 
4 141 261 (2048 0 -13312 ) (2048 0 3072 ) (1024 0 3072 ) (1024 0 -13312 ) 
4 141 142 (1024 1024 3072 ) (1024 1024 -13312 ) (1024 0 -13312 ) (1024 0 3072 ) 
4 142 262 (1024 0 -13312 ) (1024 0 3072 ) (0 0 3072 ) (0 0 -13312 ) 
4 142 179 (0 0 -13312 ) (0 0 3072 ) (0 1024 3072 ) (0 1024 -13312 ) 
4 143 145 (0 10240 -13312 ) (0 10240 3072 ) (-1024 10240 3072 ) (-1024 10240 -13312 ) 
4 143 144 (-1024 10240 -13312 ) (-1024 10240 3072 ) (-1024 11264 3072 ) (-1024 11264 -13312 ) 
4 144 147 (-2048 10240 -13312 ) (-2048 10240 3072 ) (-2048 11264 3072 ) (-2048 11264 -13312 ) 
4 144 146 (-1024 10240 -13312 ) (-1024 10240 3072 ) (-2048 10240 3072 ) (-2048 10240 -13312 ) 
4 145 151 (0 9216 -13312 ) (0 9216 3072 ) (-1024 9216 3072 ) (-1024 9216 -13312 ) 
4 145 146 (-1024 10240 3072 ) (-1024 10240 -13312 ) (-1024 9216 -13312 ) (-1024 9216 3072 ) 
4 146 152 (-1024 9216 -13312 ) (-1024 9216 3072 ) (-2048 9216 3072 ) (-2048 9216 -13312 ) 
4 146 149 (-2048 9216 -13312 ) (-2048 9216 3072 ) (-2048 10240 3072 ) (-2048 10240 -13312 ) 
4 147 149 (-2048 10240 -13312 ) (-2048 10240 3072 ) (-3072 10240 3072 ) (-3072 10240 -13312 ) 
4 147 148 (-3072 10240 -13312 ) (-3072 10240 3072 ) (-3072 11264 3072 ) (-3072 11264 -13312 ) 
4 148 150 (-3072 10240 -13312 ) (-3072 10240 3072 ) (-3904 10240 3072 ) (-3904 10240 -13312 ) 
4 149 155 (-2048 9216 -13312 ) (-2048 9216 3072 ) (-3072 9216 3072 ) (-3072 9216 -13312 ) 
4 149 150 (-3072 10240 3072 ) (-3072 10240 -13312 ) (-3072 9216 -13312 ) (-3072 9216 3072 ) 
4 150 156 (-3072 9216 -13312 ) (-3072 9216 3072 ) (-3904 9216 3072 ) (-3904 9216 -13312 ) 
4 151 153 (0 8192 -13312 ) (0 8192 3072 ) (-1024 8192 3072 ) (-1024 8192 -13312 ) 
4 151 152 (-1024 9216 3072 ) (-1024 9216 -13312 ) (-1024 8192 -13312 ) (-1024 8192 3072 ) 
4 152 155 (-2048 9216 3072 ) (-2048 9216 -13312 ) (-2048 8192 -13312 ) (-2048 8192 3072 ) 
4 152 154 (-1024 8192 -13312 ) (-1024 8192 3072 ) (-2048 8192 3072 ) (-2048 8192 -13312 ) 
4 153 159 (0 7168 -13312 ) (0 7168 3072 ) (-1024 7168 3072 ) (-1024 7168 -13312 ) 
4 153 154 (-1024 8192 3072 ) (-1024 8192 -13312 ) (-1024 7168 -13312 ) (-1024 7168 3072 ) 
4 154 160 (-1024 7168 -13312 ) (-1024 7168 3072 ) (-2048 7168 3072 ) (-2048 7168 -13312 ) 
4 154 157 (-2048 7168 -13312 ) (-2048 7168 3072 ) (-2048 8192 3072 ) (-2048 8192 -13312 ) 
4 155 157 (-2048 8192 -13312 ) (-2048 8192 3072 ) (-3072 8192 3072 ) (-3072 8192 -13312 ) 
4 155 156 (-3072 9216 3072 ) (-3072 9216 -13312 ) (-3072 8192 -13312 ) (-3072 8192 3072 ) 
4 156 158 (-3072 8192 -13312 ) (-3072 8192 3072 ) (-3904 8192 3072 ) (-3904 8192 -13312 ) 
4 157 163 (-2048 7168 -13312 ) (-2048 7168 3072 ) (-3072 7168 3072 ) (-3072 7168 -13312 ) 
4 157 158 (-3072 8192 3072 ) (-3072 8192 -13312 ) (-3072 7168 -13312 ) (-3072 7168 3072 ) 
4 158 164 (-3072 7168 -13312 ) (-3072 7168 3072 ) (-3904 7168 3072 ) (-3904 7168 -13312 ) 
4 159 161 (0 6144 -13312 ) (0 6144 3072 ) (-1024 6144 3072 ) (-1024 6144 -13312 ) 
4 159 160 (-1024 7168 3072 ) (-1024 7168 -13312 ) (-1024 6144 -13312 ) (-1024 6144 3072 ) 
4 160 163 (-2048 7168 3072 ) (-2048 7168 -13312 ) (-2048 6144 -13312 ) (-2048 6144 3072 ) 
4 160 162 (-1024 6144 -13312 ) (-1024 6144 3072 ) (-2048 6144 3072 ) (-2048 6144 -13312 ) 
4 161 167 (0 5120 -13312 ) (0 5120 3072 ) (-1024 5120 3072 ) (-1024 5120 -13312 ) 
4 161 162 (-1024 6144 3072 ) (-1024 6144 -13312 ) (-1024 5120 -13312 ) (-1024 5120 3072 ) 
4 162 168 (-1024 5120 -13312 ) (-1024 5120 3072 ) (-2048 5120 3072 ) (-2048 5120 -13312 ) 
4 162 165 (-2048 5120 -13312 ) (-2048 5120 3072 ) (-2048 6144 3072 ) (-2048 6144 -13312 ) 
4 163 165 (-2048 6144 -13312 ) (-2048 6144 3072 ) (-3072 6144 3072 ) (-3072 6144 -13312 ) 
4 163 164 (-3072 7168 3072 ) (-3072 7168 -13312 ) (-3072 6144 -13312 ) (-3072 6144 3072 ) 
4 164 166 (-3072 6144 -13312 ) (-3072 6144 3072 ) (-3904 6144 3072 ) (-3904 6144 -13312 ) 
4 165 171 (-2048 5120 -13312 ) (-2048 5120 3072 ) (-3072 5120 3072 ) (-3072 5120 -13312 ) 
4 165 166 (-3072 6144 3072 ) (-3072 6144 -13312 ) (-3072 5120 -13312 ) (-3072 5120 3072 ) 
4 166 172 (-3072 5120 -13312 ) (-3072 5120 3072 ) (-3904 5120 3072 ) (-3904 5120 -13312 ) 
4 167 169 (0 4096 -13312 ) (0 4096 3072 ) (-1024 4096 3072 ) (-1024 4096 -13312 ) 
4 167 168 (-1024 5120 3072 ) (-1024 5120 -13312 ) (-1024 4096 -13312 ) (-1024 4096 3072 ) 
4 168 171 (-2048 5120 3072 ) (-2048 5120 -13312 ) (-2048 4096 -13312 ) (-2048 4096 3072 ) 
4 168 170 (-1024 4096 -13312 ) (-1024 4096 3072 ) (-2048 4096 3072 ) (-2048 4096 -13312 ) 
4 169 175 (0 3072 -13312 ) (0 3072 3072 ) (-1024 3072 3072 ) (-1024 3072 -13312 ) 
4 169 170 (-1024 4096 3072 ) (-1024 4096 -13312 ) (-1024 3072 -13312 ) (-1024 3072 3072 ) 
4 170 176 (-1024 3072 -13312 ) (-1024 3072 3072 ) (-2048 3072 3072 ) (-2048 3072 -13312 ) 
4 170 173 (-2048 3072 -13312 ) (-2048 3072 3072 ) (-2048 4096 3072 ) (-2048 4096 -13312 ) 
4 171 173 (-2048 4096 -13312 ) (-2048 4096 3072 ) (-3072 4096 3072 ) (-3072 4096 -13312 ) 
4 171 172 (-3072 5120 3072 ) (-3072 5120 -13312 ) (-3072 4096 -13312 ) (-3072 4096 3072 ) 
4 172 174 (-3072 4096 -13312 ) (-3072 4096 3072 ) (-3904 4096 3072 ) (-3904 4096 -13312 ) 
4 173 181 (-2048 3072 -13312 ) (-2048 3072 3072 ) (-3072 3072 3072 ) (-3072 3072 -13312 ) 
4 173 174 (-3072 4096 3072 ) (-3072 4096 -13312 ) (-3072 3072 -13312 ) (-3072 3072 3072 ) 
4 174 182 (-3072 3072 -13312 ) (-3072 3072 3072 ) (-3904 3072 3072 ) (-3904 3072 -13312 ) 
4 175 177 (0 2048 -13312 ) (0 2048 3072 ) (-1024 2048 3072 ) (-1024 2048 -13312 ) 
4 175 176 (-1024 3072 3072 ) (-1024 3072 -13312 ) (-1024 2048 -13312 ) (-1024 2048 3072 ) 
4 176 181 (-2048 3072 3072 ) (-2048 3072 -13312 ) (-2048 2048 -13312 ) (-2048 2048 3072 ) 
4 176 178 (-1024 2048 -13312 ) (-1024 2048 3072 ) (-2048 2048 3072 ) (-2048 2048 -13312 ) 
4 177 179 (0 1024 -13312 ) (0 1024 3072 ) (-1024 1024 3072 ) (-1024 1024 -13312 ) 
4 177 178 (-1024 1024 -13312 ) (-1024 1024 3072 ) (-1024 2048 3072 ) (-1024 2048 -13312 ) 
4 178 183 (-2048 1024 -13312 ) (-2048 1024 3072 ) (-2048 2048 3072 ) (-2048 2048 -13312 ) 
4 178 180 (-2048 1024 3072 ) (-2048 1024 -13312 ) (-1024 1024 -13312 ) (-1024 1024 3072 ) 
4 179 380 (0 0 -13312 ) (0 0 3072 ) (-1024 0 3072 ) (-1024 0 -13312 ) 
4 179 180 (-1024 1024 3072 ) (-1024 1024 -13312 ) (-1024 0 -13312 ) (-1024 0 3072 ) 
4 180 381 (-1024 0 -13312 ) (-1024 0 3072 ) (-2048 0 3072 ) (-2048 0 -13312 ) 
4 180 185 (-2048 0 -13312 ) (-2048 0 3072 ) (-2048 1024 3072 ) (-2048 1024 -13312 ) 
4 181 183 (-2048 2048 -13312 ) (-2048 2048 3072 ) (-3072 2048 3072 ) (-3072 2048 -13312 ) 
4 181 182 (-3072 3072 3072 ) (-3072 3072 -13312 ) (-3072 2048 -13312 ) (-3072 2048 3072 ) 
4 182 184 (-3072 2048 -13312 ) (-3072 2048 3072 ) (-3904 2048 3072 ) (-3904 2048 -13312 ) 
4 183 185 (-2048 1024 -13312 ) (-2048 1024 3072 ) (-3072 1024 3072 ) (-3072 1024 -13312 ) 
4 183 184 (-3072 1024 -13312 ) (-3072 1024 3072 ) (-3072 2048 3072 ) (-3072 2048 -13312 ) 
4 184 186 (-3904 1024 -13312 ) (-3072 1024 -13312 ) (-3072 1024 3072 ) (-3904 1024 3072 ) 
4 185 384 (-2048 0 -13312 ) (-2048 0 3072 ) (-3072 0 3072 ) (-3072 0 -13312 ) 
4 185 186 (-3072 1024 3072 ) (-3072 1024 -13312 ) (-3072 0 -13312 ) (-3072 0 3072 ) 
4 186 385 (-3072 0 -13312 ) (-3072 0 3072 ) (-3904 0 3072 ) (-3904 0 -13312 ) 
4 187 189 (12928 -1024 3072 ) (12288 -1024 3072 ) (12288 -1024 -13312 ) (12928 -1024 -13312 ) 
4 187 188 (12288 0 3072 ) (12288 0 -13312 ) (12288 -1024 -13312 ) (12288 -1024 3072 ) 
4 188 191 (11264 0 3072 ) (11264 0 -13312 ) (11264 -1024 -13312 ) (11264 -1024 3072 ) 
4 188 190 (12288 -1024 -13312 ) (12288 -1024 3072 ) (11264 -1024 3072 ) (11264 -1024 -13312 ) 
4 189 195 (12928 -2048 3072 ) (12288 -2048 3072 ) (12288 -2048 -13312 ) (12928 -2048 -13312 ) 
4 189 190 (12288 -1024 3072 ) (12288 -1024 -13312 ) (12288 -2048 -13312 ) (12288 -2048 3072 ) 
4 190 196 (12288 -2048 -13312 ) (12288 -2048 3072 ) (11264 -2048 3072 ) (11264 -2048 -13312 ) 
4 190 193 (11264 -2048 -13312 ) (11264 -2048 3072 ) (11264 -1024 3072 ) (11264 -1024 -13312 ) 
4 191 193 (11264 -1024 -13312 ) (11264 -1024 3072 ) (10240 -1024 3072 ) (10240 -1024 -13312 ) 
4 191 192 (10240 0 3072 ) (10240 0 -13312 ) (10240 -1024 -13312 ) (10240 -1024 3072 ) 
4 192 219 (9216 0 3072 ) (9216 0 -13312 ) (9216 -1024 -13312 ) (9216 -1024 3072 ) 
4 192 194 (10240 -1024 -13312 ) (10240 -1024 3072 ) (9216 -1024 3072 ) (9216 -1024 -13312 ) 
4 193 199 (11264 -2048 -13312 ) (11264 -2048 3072 ) (10240 -2048 3072 ) (10240 -2048 -13312 ) 
4 193 194 (10240 -1024 3072 ) (10240 -1024 -13312 ) (10240 -2048 -13312 ) (10240 -2048 3072 ) 
4 194 221 (9216 -2048 -13312 ) (9216 -2048 3072 ) (9216 -1024 3072 ) (9216 -1024 -13312 ) 
4 194 200 (10240 -2048 -13312 ) (10240 -2048 3072 ) (9216 -2048 3072 ) (9216 -2048 -13312 ) 
4 195 197 (12928 -3072 3072 ) (12288 -3072 3072 ) (12288 -3072 -13312 ) (12928 -3072 -13312 ) 
4 195 196 (12288 -2048 3072 ) (12288 -2048 -13312 ) (12288 -3072 -13312 ) (12288 -3072 3072 ) 
4 196 199 (11264 -2048 3072 ) (11264 -2048 -13312 ) (11264 -3072 -13312 ) (11264 -3072 3072 ) 
4 196 198 (12288 -3072 -13312 ) (12288 -3072 3072 ) (11264 -3072 3072 ) (11264 -3072 -13312 ) 
4 197 203 (12928 -4096 3072 ) (12288 -4096 3072 ) (12288 -4096 -13312 ) (12928 -4096 -13312 ) 
4 197 198 (12288 -3072 3072 ) (12288 -3072 -13312 ) (12288 -4096 -13312 ) (12288 -4096 3072 ) 
4 198 204 (12288 -4096 -13312 ) (12288 -4096 3072 ) (11264 -4096 3072 ) (11264 -4096 -13312 ) 
4 198 201 (11264 -4096 -13312 ) (11264 -4096 3072 ) (11264 -3072 3072 ) (11264 -3072 -13312 ) 
4 199 201 (11264 -3072 -13312 ) (11264 -3072 3072 ) (10240 -3072 3072 ) (10240 -3072 -13312 ) 
4 199 200 (10240 -2048 3072 ) (10240 -2048 -13312 ) (10240 -3072 -13312 ) (10240 -3072 3072 ) 
4 200 227 (9216 -3072 -13312 ) (9216 -3072 3072 ) (9216 -2048 3072 ) (9216 -2048 -13312 ) 
4 200 202 (10240 -3072 -13312 ) (10240 -3072 3072 ) (9216 -3072 3072 ) (9216 -3072 -13312 ) 
4 201 207 (11264 -4096 -13312 ) (11264 -4096 3072 ) (10240 -4096 3072 ) (10240 -4096 -13312 ) 
4 201 202 (10240 -3072 3072 ) (10240 -3072 -13312 ) (10240 -4096 -13312 ) (10240 -4096 3072 ) 
4 202 229 (9216 -4096 -13312 ) (9216 -4096 3072 ) (9216 -3072 3072 ) (9216 -3072 -13312 ) 
4 202 208 (10240 -4096 -13312 ) (10240 -4096 3072 ) (9216 -4096 3072 ) (9216 -4096 -13312 ) 
4 203 205 (12928 -5120 3072 ) (12288 -5120 3072 ) (12288 -5120 -13312 ) (12928 -5120 -13312 ) 
4 203 204 (12288 -4096 3072 ) (12288 -4096 -13312 ) (12288 -5120 -13312 ) (12288 -5120 3072 ) 
4 204 207 (11264 -4096 3072 ) (11264 -4096 -13312 ) (11264 -5120 -13312 ) (11264 -5120 3072 ) 
4 204 206 (12288 -5120 -13312 ) (12288 -5120 3072 ) (11264 -5120 3072 ) (11264 -5120 -13312 ) 
4 205 211 (12928 -6144 3072 ) (12288 -6144 3072 ) (12288 -6144 -13312 ) (12928 -6144 -13312 ) 
4 205 206 (12288 -5120 3072 ) (12288 -5120 -13312 ) (12288 -6144 -13312 ) (12288 -6144 3072 ) 
4 206 212 (12288 -6144 -13312 ) (12288 -6144 3072 ) (11264 -6144 3072 ) (11264 -6144 -13312 ) 
4 206 209 (11264 -6144 -13312 ) (11264 -6144 3072 ) (11264 -5120 3072 ) (11264 -5120 -13312 ) 
4 207 209 (11264 -5120 -13312 ) (11264 -5120 3072 ) (10240 -5120 3072 ) (10240 -5120 -13312 ) 
4 207 208 (10240 -4096 3072 ) (10240 -4096 -13312 ) (10240 -5120 -13312 ) (10240 -5120 3072 ) 
4 208 235 (9216 -5120 -13312 ) (9216 -5120 3072 ) (9216 -4096 3072 ) (9216 -4096 -13312 ) 
4 208 210 (10240 -5120 -13312 ) (10240 -5120 3072 ) (9216 -5120 3072 ) (9216 -5120 -13312 ) 
4 209 215 (11264 -6144 -13312 ) (11264 -6144 3072 ) (10240 -6144 3072 ) (10240 -6144 -13312 ) 
4 209 210 (10240 -5120 3072 ) (10240 -5120 -13312 ) (10240 -6144 -13312 ) (10240 -6144 3072 ) 
4 210 237 (9216 -6144 -13312 ) (9216 -6144 3072 ) (9216 -5120 3072 ) (9216 -5120 -13312 ) 
4 210 216 (10240 -6144 -13312 ) (10240 -6144 3072 ) (9216 -6144 3072 ) (9216 -6144 -13312 ) 
4 211 213 (12928 -7168 3072 ) (12288 -7168 3072 ) (12288 -7168 -13312 ) (12928 -7168 -13312 ) 
4 211 212 (12288 -6144 3072 ) (12288 -6144 -13312 ) (12288 -7168 -13312 ) (12288 -7168 3072 ) 
4 212 215 (11264 -6144 3072 ) (11264 -6144 -13312 ) (11264 -7168 -13312 ) (11264 -7168 3072 ) 
4 212 214 (12288 -7168 -13312 ) (12288 -7168 3072 ) (11264 -7168 3072 ) (11264 -7168 -13312 ) 
4 213 315 (12928 -8192 3072 ) (12288 -8192 3072 ) (12288 -8192 -13312 ) (12928 -8192 -13312 ) 
4 213 214 (12288 -7168 3072 ) (12288 -7168 -13312 ) (12288 -8192 -13312 ) (12288 -8192 3072 ) 
4 214 316 (12288 -8192 -13312 ) (12288 -8192 3072 ) (11264 -8192 3072 ) (11264 -8192 -13312 ) 
4 214 217 (11264 -8192 -13312 ) (11264 -8192 3072 ) (11264 -7168 3072 ) (11264 -7168 -13312 ) 
4 215 217 (11264 -7168 -13312 ) (11264 -7168 3072 ) (10240 -7168 3072 ) (10240 -7168 -13312 ) 
4 215 216 (10240 -6144 3072 ) (10240 -6144 -13312 ) (10240 -7168 -13312 ) (10240 -7168 3072 ) 
4 216 243 (9216 -7168 -13312 ) (9216 -7168 3072 ) (9216 -6144 3072 ) (9216 -6144 -13312 ) 
4 216 218 (10240 -7168 -13312 ) (10240 -7168 3072 ) (9216 -7168 3072 ) (9216 -7168 -13312 ) 
4 217 319 (11264 -8192 -13312 ) (11264 -8192 3072 ) (10240 -8192 3072 ) (10240 -8192 -13312 ) 
4 217 218 (10240 -7168 3072 ) (10240 -7168 -13312 ) (10240 -8192 -13312 ) (10240 -8192 3072 ) 
4 218 320 (10240 -8192 -13312 ) (10240 -8192 3072 ) (9216 -8192 3072 ) (9216 -8192 -13312 ) 
4 218 245 (9216 -8192 -13312 ) (9216 -8192 3072 ) (9216 -7168 3072 ) (9216 -7168 -13312 ) 
4 219 221 (9216 -1024 -13312 ) (9216 -1024 3072 ) (8192 -1024 3072 ) (8192 -1024 -13312 ) 
4 219 220 (8192 0 3072 ) (8192 0 -13312 ) (8192 -1024 -13312 ) (8192 -1024 3072 ) 
4 220 223 (7168 0 3072 ) (7168 0 -13312 ) (7168 -1024 -13312 ) (7168 -1024 3072 ) 
4 220 222 (8192 -1024 -13312 ) (8192 -1024 3072 ) (7168 -1024 3072 ) (7168 -1024 -13312 ) 
4 221 227 (9216 -2048 -13312 ) (9216 -2048 3072 ) (8192 -2048 3072 ) (8192 -2048 -13312 ) 
4 221 222 (8192 -1024 3072 ) (8192 -1024 -13312 ) (8192 -2048 -13312 ) (8192 -2048 3072 ) 
4 222 228 (8192 -2048 -13312 ) (8192 -2048 3072 ) (7168 -2048 3072 ) (7168 -2048 -13312 ) 
4 222 225 (7168 -2048 -13312 ) (7168 -2048 3072 ) (7168 -1024 3072 ) (7168 -1024 -13312 ) 
4 223 225 (7168 -1024 -13312 ) (7168 -1024 3072 ) (6144 -1024 3072 ) (6144 -1024 -13312 ) 
4 223 224 (6144 0 3072 ) (6144 0 -13312 ) (6144 -1024 -13312 ) (6144 -1024 3072 ) 
4 224 251 (5120 -1024 -13312 ) (5120 -1024 3072 ) (5120 0 3072 ) (5120 0 -13312 ) 
4 224 226 (5120 -1024 3072 ) (5120 -1024 -13312 ) (6144 -1024 -13312 ) (6144 -1024 3072 ) 
4 225 231 (7168 -2048 -13312 ) (7168 -2048 3072 ) (6144 -2048 3072 ) (6144 -2048 -13312 ) 
4 225 226 (6144 -1024 3072 ) (6144 -1024 -13312 ) (6144 -2048 -13312 ) (6144 -2048 3072 ) 
4 226 253 (5120 -2048 -13312 ) (5120 -2048 3072 ) (5120 -1024 3072 ) (5120 -1024 -13312 ) 
4 226 232 (5120 -2048 3072 ) (5120 -2048 -13312 ) (6144 -2048 -13312 ) (6144 -2048 3072 ) 
4 227 229 (9216 -3072 -13312 ) (9216 -3072 3072 ) (8192 -3072 3072 ) (8192 -3072 -13312 ) 
4 227 228 (8192 -2048 3072 ) (8192 -2048 -13312 ) (8192 -3072 -13312 ) (8192 -3072 3072 ) 
4 228 231 (7168 -2048 3072 ) (7168 -2048 -13312 ) (7168 -3072 -13312 ) (7168 -3072 3072 ) 
4 228 230 (8192 -3072 -13312 ) (8192 -3072 3072 ) (7168 -3072 3072 ) (7168 -3072 -13312 ) 
4 229 235 (9216 -4096 -13312 ) (9216 -4096 3072 ) (8192 -4096 3072 ) (8192 -4096 -13312 ) 
4 229 230 (8192 -3072 3072 ) (8192 -3072 -13312 ) (8192 -4096 -13312 ) (8192 -4096 3072 ) 
4 230 236 (8192 -4096 -13312 ) (8192 -4096 3072 ) (7168 -4096 3072 ) (7168 -4096 -13312 ) 
4 230 233 (7168 -4096 -13312 ) (7168 -4096 3072 ) (7168 -3072 3072 ) (7168 -3072 -13312 ) 
4 231 233 (7168 -3072 -13312 ) (7168 -3072 3072 ) (6144 -3072 3072 ) (6144 -3072 -13312 ) 
4 231 232 (6144 -2048 3072 ) (6144 -2048 -13312 ) (6144 -3072 -13312 ) (6144 -3072 3072 ) 
4 232 255 (5120 -3072 -13312 ) (5120 -3072 3072 ) (5120 -2048 3072 ) (5120 -2048 -13312 ) 
4 232 234 (5120 -3072 3072 ) (5120 -3072 -13312 ) (6144 -3072 -13312 ) (6144 -3072 3072 ) 
4 233 239 (7168 -4096 -13312 ) (7168 -4096 3072 ) (6144 -4096 3072 ) (6144 -4096 -13312 ) 
4 233 234 (6144 -3072 3072 ) (6144 -3072 -13312 ) (6144 -4096 -13312 ) (6144 -4096 3072 ) 
4 234 257 (5120 -4096 -13312 ) (5120 -4096 3072 ) (5120 -3072 3072 ) (5120 -3072 -13312 ) 
4 234 240 (6144 -4096 -13312 ) (6144 -4096 3072 ) (5120 -4096 3072 ) (5120 -4096 -13312 ) 
4 235 237 (9216 -5120 -13312 ) (9216 -5120 3072 ) (8192 -5120 3072 ) (8192 -5120 -13312 ) 
4 235 236 (8192 -5120 -13312 ) (8192 -5120 3072 ) (8192 -4096 3072 ) (8192 -4096 -13312 ) 
4 236 239 (7168 -5120 -13312 ) (7168 -5120 3072 ) (7168 -4096 3072 ) (7168 -4096 -13312 ) 
4 236 238 (8192 -5120 -13312 ) (8192 -5120 3072 ) (7168 -5120 3072 ) (7168 -5120 -13312 ) 
4 237 243 (9216 -6144 -13312 ) (9216 -6144 3072 ) (8192 -6144 3072 ) (8192 -6144 -13312 ) 
4 237 238 (8192 -5120 3072 ) (8192 -5120 -13312 ) (8192 -6144 -13312 ) (8192 -6144 3072 ) 
4 238 244 (8192 -6144 -13312 ) (8192 -6144 3072 ) (7168 -6144 3072 ) (7168 -6144 -13312 ) 
4 238 241 (7168 -6144 -13312 ) (7168 -6144 3072 ) (7168 -5120 3072 ) (7168 -5120 -13312 ) 
4 239 241 (7168 -5120 -13312 ) (7168 -5120 3072 ) (6144 -5120 3072 ) (6144 -5120 -13312 ) 
4 239 240 (6144 -5120 -13312 ) (6144 -5120 3072 ) (6144 -4096 3072 ) (6144 -4096 -13312 ) 
4 240 295 (5120 -5120 -13312 ) (5120 -5120 3072 ) (5120 -4096 3072 ) (5120 -4096 -13312 ) 
4 240 242 (5120 -5120 3072 ) (5120 -5120 -13312 ) (6144 -5120 -13312 ) (6144 -5120 3072 ) 
4 241 247 (7168 -6144 -13312 ) (7168 -6144 3072 ) (6144 -6144 3072 ) (6144 -6144 -13312 ) 
4 241 242 (6144 -5120 3072 ) (6144 -5120 -13312 ) (6144 -6144 -13312 ) (6144 -6144 3072 ) 
4 242 297 (5120 -6144 -13312 ) (5120 -6144 3072 ) (5120 -5120 3072 ) (5120 -5120 -13312 ) 
4 242 248 (5120 -6144 3072 ) (5120 -6144 -13312 ) (6144 -6144 -13312 ) (6144 -6144 3072 ) 
4 243 245 (9216 -7168 -13312 ) (9216 -7168 3072 ) (8192 -7168 3072 ) (8192 -7168 -13312 ) 
4 243 244 (8192 -6144 3072 ) (8192 -6144 -13312 ) (8192 -7168 -13312 ) (8192 -7168 3072 ) 
4 244 247 (7168 -6144 3072 ) (7168 -6144 -13312 ) (7168 -7168 -13312 ) (7168 -7168 3072 ) 
4 244 246 (8192 -7168 -13312 ) (8192 -7168 3072 ) (7168 -7168 3072 ) (7168 -7168 -13312 ) 
4 245 335 (9216 -8192 -13312 ) (9216 -8192 3072 ) (8192 -8192 3072 ) (8192 -8192 -13312 ) 
4 245 246 (8192 -7168 3072 ) (8192 -7168 -13312 ) (8192 -8192 -13312 ) (8192 -8192 3072 ) 
4 246 336 (8192 -8192 -13312 ) (8192 -8192 3072 ) (7168 -8192 3072 ) (7168 -8192 -13312 ) 
4 246 249 (7168 -8192 -13312 ) (7168 -8192 3072 ) (7168 -7168 3072 ) (7168 -7168 -13312 ) 
4 247 249 (7168 -7168 -13312 ) (7168 -7168 3072 ) (6144 -7168 3072 ) (6144 -7168 -13312 ) 
4 247 248 (6144 -6144 3072 ) (6144 -6144 -13312 ) (6144 -7168 -13312 ) (6144 -7168 3072 ) 
4 248 299 (5120 -7168 -13312 ) (5120 -7168 3072 ) (5120 -6144 3072 ) (5120 -6144 -13312 ) 
4 248 250 (5120 -7168 3072 ) (5120 -7168 -13312 ) (6144 -7168 -13312 ) (6144 -7168 3072 ) 
4 249 339 (7168 -8192 -13312 ) (7168 -8192 3072 ) (6144 -8192 3072 ) (6144 -8192 -13312 ) 
4 249 250 (6144 -7168 3072 ) (6144 -7168 -13312 ) (6144 -8192 -13312 ) (6144 -8192 3072 ) 
4 250 340 (6144 -8192 -13312 ) (6144 -8192 3072 ) (5120 -8192 3072 ) (5120 -8192 -13312 ) 
4 250 301 (5120 -8192 -13312 ) (5120 -8192 3072 ) (5120 -7168 3072 ) (5120 -7168 -13312 ) 
4 251 253 (5120 -1024 -13312 ) (5120 -1024 3072 ) (4096 -1024 3072 ) (4096 -1024 -13312 ) 
4 251 252 (4096 0 3072 ) (4096 0 -13312 ) (4096 -1024 -13312 ) (4096 -1024 3072 ) 
4 252 259 (3072 -1024 -13312 ) (3072 -1024 3072 ) (3072 0 3072 ) (3072 0 -13312 ) 
4 252 254 (3072 -1024 3072 ) (3072 -1024 -13312 ) (4096 -1024 -13312 ) (4096 -1024 3072 ) 
4 253 255 (5120 -2048 -13312 ) (5120 -2048 3072 ) (4096 -2048 3072 ) (4096 -2048 -13312 ) 
4 253 254 (4096 -1024 3072 ) (4096 -1024 -13312 ) (4096 -2048 -13312 ) (4096 -2048 3072 ) 
4 254 260 (3072 -2048 -13312 ) (3072 -2048 3072 ) (3072 -1024 3072 ) (3072 -1024 -13312 ) 
4 254 256 (4096 -2048 -13312 ) (4096 -2048 3072 ) (3072 -2048 3072 ) (3072 -2048 -13312 ) 
4 255 257 (5120 -3072 -13312 ) (5120 -3072 3072 ) (4096 -3072 3072 ) (4096 -3072 -13312 ) 
4 255 256 (4096 -3072 -13312 ) (4096 -3072 3072 ) (4096 -2048 3072 ) (4096 -2048 -13312 ) 
4 256 274 (3072 -3072 -13312 ) (3072 -3072 3072 ) (3072 -2048 3072 ) (3072 -2048 -13312 ) 
4 256 258 (3072 -3072 3072 ) (3072 -3072 -13312 ) (4096 -3072 -13312 ) (4096 -3072 3072 ) 
4 257 295 (5120 -4096 -13312 ) (5120 -4096 3072 ) (4096 -4096 3072 ) (4096 -4096 -13312 ) 
4 257 258 (4096 -3072 3072 ) (4096 -3072 -13312 ) (4096 -4096 -13312 ) (4096 -4096 3072 ) 
4 258 296 (4096 -4096 -13312 ) (4096 -4096 3072 ) (3072 -4096 3072 ) (3072 -4096 -13312 ) 
4 258 275 (3072 -4096 -13312 ) (3072 -4096 3072 ) (3072 -3072 3072 ) (3072 -3072 -13312 ) 
4 259 261 (2048 -1024 -13312 ) (2048 -1024 3072 ) (2048 0 3072 ) (2048 0 -13312 ) 
4 259 260 (3072 -1024 -13312 ) (3072 -1024 3072 ) (2048 -1024 3072 ) (2048 -1024 -13312 ) 
4 260 274 (3072 -2048 -13312 ) (3072 -2048 3072 ) (2048 -2048 3072 ) (2048 -2048 -13312 ) 
4 260 266 (2048 -2048 -3012.423828 ) (2048 -2048 -2884.407227 ) (2048 -1792 -2884.407715 ) (2048 -1792 -3012.423828 ) 
4 260 265 (2048 -2048 -13312 ) (2048 -2048 -3012.423828 ) (2048 -1792 -3012.423828 ) (2048 -1792 -13312 ) 
4 260 264 (2048 -2048 -2884.407227 ) (2048 -2048 3072 ) (2048 -1792 3072 ) (2048 -1792 -2884.407715 ) 
4 260 263 (2048 -1792 3072 ) (2048 -1024 3072 ) (2048 -1024 -13312 ) (2048 -1792 -13312 ) 
4 261 263 (2048 -1024 -13312 ) (2048 -1024 3072 ) (1024 -1024 3072 ) (1024 -1024 -13312 ) 
4 261 262 (1024 -1024 -13312 ) (1024 -1024 3072 ) (1024 0 3072 ) (1024 0 -13312 ) 
4 262 380 (0 0 3072 ) (0 0 -13312 ) (0 -1024 -13312 ) (0 -1024 3072 ) 
4 262 270 (0 -1024 -320 ) (0 -1024 -13312 ) (1024 -1024 -13312 ) (1024 -1024 -320 ) 
4 262 268 (0 -1024 3072 ) (0 -1024 -320 ) (512 -1024 -320 ) (512 -1024 3072 ) 
4 262 267 (512 -1024 -320 ) (1024 -1024 -320 ) (1024 -1024 3072 ) (512 -1024 3072 ) 
4 263 270 (1024 -1024 -320 ) (1024 -1024 -13312 ) (1024 -1792 -13312 ) (1024 -1792 -320 ) 
4 263 267 (1024 -1024 3072 ) (1024 -1024 -320 ) (1024 -1792 -320 ) (1024 -1792 3072 ) 
4 263 266 (2048 -1792 -3012.423828 ) (2048 -1792 -2884.407227 ) (1207.429932 -1792 -1428.510010 ) (1152 -1792 -1460.510010 ) 
4 263 265 (1024 -1792 -13312 ) (2048 -1792 -13312 ) (2048 -1792 -3012.423828 ) (1024 -1792 -1238.807983 ) 
4 263 264 (2048 -1792 -2884.407227 ) (2048 -1792 3072 ) (1024 -1792 3072 ) (1024 -1792 -1110.802734 ) 
4 264 276 (2048 -2048 -2884.407227 ) (2048 -2048 3072 ) (1024 -2048 3072 ) (1024 -2048 -1110.802734 ) 
4 264 271 (1024 -2048 -1110.802734 ) (1024 -2048 -320 ) (1024 -1792 -320 ) (1024 -1792 -1110.802734 ) 
4 264 267 (1024 -2048 -320 ) (1024 -2048 3072 ) (1024 -1792 3072 ) (1024 -1792 -320 ) 
4 264 266 (1207.430908 -1792 -1428.509399 ) (2048 -1792 -2884.405273 ) (2048 -2048 -2884.405273 ) (1207.430908 -2048 -1428.509399 ) 
4 265 277 (2048 -2048 -13312 ) (2048 -2048 -3012.423828 ) (1024 -2048 -1238.807983 ) (1024 -2048 -13312 ) 
4 265 272 (1024 -1792 -13312 ) (1024 -2048 -13312 ) (1024 -2048 -1238.808594 ) (1024 -1792 -1238.807983 ) 
4 265 266 (2048 -2048 -3012.424805 ) (2048 -1792 -3012.424805 ) (1152 -1792 -1460.510132 ) (1152 -2048 -1460.510132 ) 
4 266 278 (2048 -2048 -3012.423828 ) (2048 -2048 -2884.407227 ) (1207.429932 -2048 -1428.510010 ) (1152 -2048 -1460.510010 ) 
3 267 282 (512 -2048 -320 ) (567.426025 -2048 -320 ) (512 -2048 -224 ) 
5 267 280 (567.426025 -2048 -320 ) (1024 -2048 -320 ) (1024 -2048 192 ) (512 -2048 192 ) (512 -2048 -224 ) 
4 267 279 (1024 -2048 192 ) (1024 -2048 3072 ) (512 -2048 3072 ) (512 -2048 192 ) 
4 267 273 (567.426025 -2048 -320 ) (512 -2048 -320 ) (512 -1792 -320 ) (567.426025 -1792 -320 ) 
4 267 271 (1024 -1792 -320 ) (1024 -2048 -320 ) (567.426025 -2048 -320 ) (567.426025 -1792 -320 ) 
4 267 270 (1024 -1024 -320 ) (1024 -1792 -320 ) (512 -1792 -320 ) (512 -1024 -320 ) 
4 267 269 (512 -2048 -256 ) (512 -2048 3072 ) (512 -1792 3072 ) (512 -1792 -256 ) 
4 267 268 (512 -1024 -320 ) (512 -1792 -320 ) (512 -1792 3072 ) (512 -1024 3072 ) 
4 268 382 (0 -1792 3072 ) (0 -1024 3072 ) (0 -1024 -320 ) (0 -1792 -320 ) 
4 268 270 (0 -1792 -320 ) (0 -1024 -320 ) (512 -1024 -320 ) (512 -1792 -320 ) 
4 268 269 (512 -1792 -256 ) (512 -1792 3072 ) (0 -1792 3072 ) (0 -1792 -256 ) 
4 269 382 (0 -2048 -256 ) (0 -2048 3072 ) (0 -1792 3072 ) (0 -1792 -256 ) 
4 269 283 (0 -2048 192 ) (0 -2048 -256 ) (512 -2048 -256 ) (512 -2048 192 ) 
4 269 279 (0 -2048 3072 ) (0 -2048 192 ) (512 -2048 192 ) (512 -2048 3072 ) 
4 270 382 (0 -1792 -320 ) (0 -1024 -320 ) (0 -1024 -13312 ) (0 -1792 -13312 ) 
3 270 273 (567.426025 -1792 -320 ) (493.524750 -1792 -320 ) (512 -1792 -352 ) 
5 270 272 (0 -1792 -13312 ) (1024 -1792 -13312 ) (1024 -1792 -1238.808594 ) (493.524750 -1792 -320 ) (0 -1792 -320 ) 
3 270 271 (1024 -1792 -1110.802734 ) (1024 -1792 -320 ) (567.426025 -1792 -320 ) 
3 271 280 (1024 -2048 -1110.802734 ) (1024 -2048 -320 ) (567.426025 -2048 -320 ) 
4 272 382 (0 -2048 -13312 ) (0 -2048 -320 ) (0 -1792 -320 ) (0 -1792 -13312 ) 
5 272 284 (0 -2048 -320 ) (0 -2048 -13312 ) (512 -2048 -13312 ) (512 -2048 -352 ) (493.524750 -2048 -320 ) 
4 272 281 (512 -2048 -13312 ) (1024 -2048 -13312 ) (1024 -2048 -1238.808594 ) (512 -2048 -352 ) 
4 272 273 (512 -1792 -352 ) (493.523438 -1792 -320 ) (493.523468 -2048 -320 ) (512 -2048 -352 ) 
3 273 284 (512 -2048 -320 ) (493.524750 -2048 -320 ) (512 -2048 -352 ) 
3 273 282 (567.426025 -2048 -320 ) (512 -2048 -320 ) (512 -2048 -352 ) 
4 274 278 (2048 -2048 -2884.407715 ) (2048 -2048 -3012.423828 ) (2048 -3072 -3012.423828 ) (2048 -3072 -2884.407227 ) 
4 274 277 (2048 -2048 -3012.423828 ) (2048 -2048 -13312 ) (2048 -3072 -13312 ) (2048 -3072 -3012.423828 ) 
4 274 276 (2048 -2048 3072 ) (2048 -2048 -2884.407715 ) (2048 -3072 -2884.407227 ) (2048 -3072 3072 ) 
4 274 275 (3072 -3072 -13312 ) (3072 -3072 3072 ) (2048 -3072 3072 ) (2048 -3072 -13312 ) 
4 275 303 (3072 -4096 -13312 ) (3072 -4096 3072 ) (2048 -4096 3072 ) (2048 -4096 -13312 ) 
4 275 289 (2048 -3072 -2884.407715 ) (2048 -3072 -3012.423828 ) (2048 -4032 -3012.423828 ) (2048 -4032 -2884.407227 ) 
4 275 288 (2048 -3072 -3012.423828 ) (2048 -3072 -13312 ) (2048 -4032 -13312 ) (2048 -4032 -3012.423828 ) 
4 275 287 (2048 -4032 3072 ) (2048 -3072 3072 ) (2048 -3072 -2884.407715 ) (2048 -4032 -2884.407227 ) 
4 275 290 (2048 -4096 -13312 ) (2048 -4096 3072 ) (2048 -4032 3072 ) (2048 -4032 -13312 ) 
4 276 287 (2048 -3072 -2884.407227 ) (2048 -3072 3072 ) (1024 -3072 3072 ) (1024 -3072 -1110.802734 ) 
4 276 280 (1024 -2048 192 ) (1024 -2048 -1110.802734 ) (1024 -3072 -1110.802734 ) (1024 -3072 192 ) 
4 276 279 (1024 -2048 3072 ) (1024 -2048 192 ) (1024 -3072 192 ) (1024 -3072 3072 ) 
4 276 278 (2048 -2048 -2884.409180 ) (2048 -3072 -2884.409180 ) (1207.429443 -3072 -1428.510376 ) (1207.429443 -2048 -1428.510254 ) 
4 277 288 (2048 -3072 -13312 ) (2048 -3072 -3012.423828 ) (1024 -3072 -1238.807983 ) (1024 -3072 -13312 ) 
4 277 281 (1024 -2048 -1238.807983 ) (1024 -2048 -13312 ) (1024 -3072 -13312 ) (1024 -3072 -1238.808594 ) 
4 277 278 (2048 -3072 -3012.424805 ) (2048 -2048 -3012.424805 ) (1152 -2048 -1460.510132 ) (1152 -3072 -1460.510132 ) 
4 278 289 (2048 -3072 -3012.423828 ) (2048 -3072 -2884.407227 ) (1207.429932 -3072 -1428.510010 ) (1152 -3072 -1460.510010 ) 
4 279 388 (0 -3072 192 ) (0 -3072 3072 ) (0 -2048 3072 ) (0 -2048 192 ) 
4 279 293 (0 -3072 662.802490 ) (0 -3072 534.807922 ) (197.920715 -3072 192 ) (271.820190 -3072 192 ) 
3 279 292 (0 -3072 534.807922 ) (0 -3072 192 ) (197.920715 -3072 192 ) 
5 279 291 (0 -3072 3072 ) (0 -3072 662.802490 ) (271.820190 -3072 192 ) (1024 -3072 192 ) (1024 -3072 3072 ) 
4 279 286 (512 -3072 192 ) (0 -3072 192 ) (0 -2368 192 ) (512 -2368 192 ) 
4 279 283 (0 -2304 192 ) (0 -2048 192 ) (512 -2048 192 ) (512 -2304 192 ) 
4 279 280 (1024 -2048 192 ) (1024 -3072 192 ) (512 -3072 192 ) (512 -2048 192 ) 
4 280 291 (1024 -3072 -1110.802734 ) (1024 -3072 192 ) (512 -3072 192 ) (512 -3072 -224 ) 
4 280 286 (512 -3072 192 ) (512 -2368 192 ) (512 -2368 -224 ) (512 -3072 -224 ) 
4 280 283 (512 -2304 192 ) (512 -2048 192 ) (512 -2048 -224 ) (512 -2304 -224 ) 
4 280 282 (567.427063 -3072 -320 ) (512 -3072 -223.997620 ) (512 -2048 -223.997604 ) (567.427063 -2048 -320 ) 
4 281 292 (1024 -3072 -13312 ) (1024 -3072 -1238.808594 ) (512 -3072 -352 ) (512 -3072 -13312 ) 
4 281 285 (512 -2304 -13312 ) (512 -2368 -13312 ) (512 -2368 -832 ) (512 -2304 -832 ) 
4 281 286 (512 -2368 -13312 ) (512 -3072 -13312 ) (512 -3072 -352 ) (512 -2368 -352 ) 
4 281 284 (512 -2048 -352 ) (512 -2048 -13312 ) (512 -2304 -13312 ) (512 -2304 -352 ) 
3 282 293 (567.426025 -3072 -320 ) (512 -3072 -224 ) (512 -3072 -352 ) 
4 282 286 (512 -2368 -352 ) (512 -3072 -352 ) (512 -3072 -224 ) (512 -2368 -224 ) 
4 282 283 (512 -2048 -224 ) (512 -2048 -256 ) (512 -2304 -256 ) (512 -2304 -224 ) 
4 282 284 (512 -2048 -320 ) (512 -2048 -352 ) (512 -2304 -352 ) (512 -2304 -320 ) 
4 283 388 (0 -2304 -256 ) (0 -2304 192 ) (0 -2048 192 ) (0 -2048 -256 ) 
4 284 388 (0 -2304 -13312 ) (0 -2304 -320 ) (0 -2048 -320 ) (0 -2048 -13312 ) 
4 284 285 (512 -2304 -13312 ) (512 -2304 -832 ) (0 -2304 -832 ) (0 -2304 -13312 ) 
4 285 388 (0 -2304 -832 ) (0 -2304 -13312 ) (0 -2368 -13312 ) (0 -2368 -832 ) 
4 285 286 (0 -2368 -13312 ) (512 -2368 -13312 ) (512 -2368 -832 ) (0 -2368 -832 ) 
4 286 388 (0 -3072 -13312 ) (0 -3072 192 ) (0 -2368 192 ) (0 -2368 -13312 ) 
4 286 293 (512 -3072 -352 ) (512 -3072 -224 ) (271.820190 -3072 192 ) (197.920715 -3072 192 ) 
5 286 292 (0 -3072 192 ) (0 -3072 -13312 ) (512 -3072 -13312 ) (512 -3072 -352 ) (197.920715 -3072 192 ) 
3 286 291 (512 -3072 -224 ) (512 -3072 192 ) (271.820190 -3072 192 ) 
4 287 291 (1024 -3072 3072 ) (1024 -3072 -1110.802734 ) (1024 -4032 -1110.802734 ) (1024 -4032 3072 ) 
4 287 289 (2048 -4032 -2884.412109 ) (1207.428223 -4032 -1428.510986 ) (1207.428223 -3072 -1428.510986 ) (2048 -3072 -2884.411621 ) 
4 287 290 (2048 -4032 -2884.407227 ) (2048 -4032 3072 ) (1024 -4032 3072 ) (1024 -4032 -1110.802734 ) 
4 288 292 (1024 -3072 -1238.807983 ) (1024 -3072 -13312 ) (1024 -4032 -13312 ) (1024 -4032 -1238.808594 ) 
4 288 289 (1152 -4032 -1460.510010 ) (2048 -4032 -3012.424316 ) (2048 -3072 -3012.424316 ) (1152 -3072 -1460.510010 ) 
4 288 290 (1024 -4032 -13312 ) (2048 -4032 -13312 ) (2048 -4032 -3012.423828 ) (1024 -4032 -1238.807983 ) 
4 289 290 (2048 -4032 -3012.423828 ) (2048 -4032 -2884.407227 ) (1207.429932 -4032 -1428.510010 ) (1152 -4032 -1460.510010 ) 
4 290 305 (2048 -4096 -13312 ) (2048 -4096 3072 ) (1024 -4096 3072 ) (1024 -4096 -13312 ) 
4 290 294 (1024 -4032 -13312 ) (1024 -4096 -13312 ) (1024 -4096 3072 ) (1024 -4032 3072 ) 
4 291 390 (0 -4032 3072 ) (0 -3072 3072 ) (0 -3072 662.802246 ) (0 -4032 662.802734 ) 
4 291 293 (567.424316 -4032 -320 ) (0 -4032 662.798828 ) (0 -3072 662.798584 ) (567.424377 -3072 -320 ) 
4 291 294 (1024 -4032 -1110.802734 ) (1024 -4032 3072 ) (0 -4032 3072 ) (0 -4032 662.802246 ) 
4 292 390 (0 -3072 534.807922 ) (0 -3072 -13312 ) (0 -4032 -13312 ) (0 -4032 534.807617 ) 
4 292 293 (0 -4032 534.808350 ) (512 -4032 -352 ) (512 -3072 -352 ) (0 -3072 534.808350 ) 
4 292 294 (0 -4032 -13312 ) (1024 -4032 -13312 ) (1024 -4032 -1238.808594 ) (0 -4032 534.807922 ) 
4 293 390 (0 -3072 662.802246 ) (0 -3072 534.807922 ) (0 -4032 534.807617 ) (0 -4032 662.802734 ) 
4 293 294 (567.425903 -4032 -320 ) (0 -4032 662.802246 ) (0 -4032 534.807922 ) (512 -4032 -352 ) 
4 294 390 (0 -4096 -13312 ) (0 -4096 3072 ) (0 -4032 3072 ) (0 -4032 -13312 ) 
4 294 306 (0 -4096 3072 ) (0 -4096 -13312 ) (1024 -4096 -13312 ) (1024 -4096 3072 ) 
4 295 297 (5120 -5120 -13312 ) (5120 -5120 3072 ) (4096 -5120 3072 ) (4096 -5120 -13312 ) 
4 295 296 (4096 -5120 -13312 ) (4096 -5120 3072 ) (4096 -4096 3072 ) (4096 -4096 -13312 ) 
4 296 303 (3072 -4096 3072 ) (3072 -4096 -13312 ) (3072 -5120 -13312 ) (3072 -5120 3072 ) 
4 296 298 (3072 -5120 3072 ) (3072 -5120 -13312 ) (4096 -5120 -13312 ) (4096 -5120 3072 ) 
4 297 299 (5120 -6144 -13312 ) (5120 -6144 3072 ) (4096 -6144 3072 ) (4096 -6144 -13312 ) 
4 297 298 (4096 -5120 3072 ) (4096 -5120 -13312 ) (4096 -6144 -13312 ) (4096 -6144 3072 ) 
4 298 304 (3072 -6144 -13312 ) (3072 -6144 3072 ) (3072 -5120 3072 ) (3072 -5120 -13312 ) 
4 298 300 (4096 -6144 -13312 ) (4096 -6144 3072 ) (3072 -6144 3072 ) (3072 -6144 -13312 ) 
4 299 301 (5120 -7168 -13312 ) (5120 -7168 3072 ) (4096 -7168 3072 ) (4096 -7168 -13312 ) 
4 299 300 (4096 -7168 -13312 ) (4096 -7168 3072 ) (4096 -6144 3072 ) (4096 -6144 -13312 ) 
4 300 309 (3072 -7168 -13312 ) (3072 -7168 3072 ) (3072 -6144 3072 ) (3072 -6144 -13312 ) 
4 300 302 (3072 -7168 3072 ) (3072 -7168 -13312 ) (4096 -7168 -13312 ) (4096 -7168 3072 ) 
4 301 351 (5120 -8192 -13312 ) (5120 -8192 3072 ) (4096 -8192 3072 ) (4096 -8192 -13312 ) 
4 301 302 (4096 -7168 3072 ) (4096 -7168 -13312 ) (4096 -8192 -13312 ) (4096 -8192 3072 ) 
4 302 352 (4096 -8192 -13312 ) (4096 -8192 3072 ) (3072 -8192 3072 ) (3072 -8192 -13312 ) 
4 302 310 (3072 -8192 -13312 ) (3072 -8192 3072 ) (3072 -7168 3072 ) (3072 -7168 -13312 ) 
4 303 305 (2048 -4096 3072 ) (2048 -4096 -13312 ) (2048 -5120 -13312 ) (2048 -5120 3072 ) 
4 303 304 (3072 -5120 -13312 ) (3072 -5120 3072 ) (2048 -5120 3072 ) (2048 -5120 -13312 ) 
4 304 309 (3072 -6144 -13312 ) (3072 -6144 3072 ) (2048 -6144 3072 ) (2048 -6144 -13312 ) 
4 304 307 (2048 -6144 -13312 ) (2048 -6144 3072 ) (2048 -5120 3072 ) (2048 -5120 -13312 ) 
4 305 307 (2048 -5120 -13312 ) (2048 -5120 3072 ) (1024 -5120 3072 ) (1024 -5120 -13312 ) 
4 305 306 (1024 -4096 3072 ) (1024 -4096 -13312 ) (1024 -5120 -13312 ) (1024 -5120 3072 ) 
4 306 396 (0 -5120 -13312 ) (0 -5120 3072 ) (0 -4096 3072 ) (0 -4096 -13312 ) 
4 306 308 (0 -5120 3072 ) (0 -5120 -13312 ) (1024 -5120 -13312 ) (1024 -5120 3072 ) 
4 307 311 (2048 -6144 -13312 ) (2048 -6144 3072 ) (1024 -6144 3072 ) (1024 -6144 -13312 ) 
4 307 308 (1024 -5120 3072 ) (1024 -5120 -13312 ) (1024 -6144 -13312 ) (1024 -6144 3072 ) 
4 308 398 (0 -6144 -13312 ) (0 -6144 3072 ) (0 -5120 3072 ) (0 -5120 -13312 ) 
4 308 312 (0 -6144 3072 ) (0 -6144 -13312 ) (1024 -6144 -13312 ) (1024 -6144 3072 ) 
4 309 311 (2048 -6144 3072 ) (2048 -6144 -13312 ) (2048 -7168 -13312 ) (2048 -7168 3072 ) 
4 309 310 (3072 -7168 -13312 ) (3072 -7168 3072 ) (2048 -7168 3072 ) (2048 -7168 -13312 ) 
4 310 359 (3072 -8192 -13312 ) (3072 -8192 3072 ) (2048 -8192 3072 ) (2048 -8192 -13312 ) 
4 310 313 (2048 -8192 -13312 ) (2048 -8192 3072 ) (2048 -7168 3072 ) (2048 -7168 -13312 ) 
4 311 313 (2048 -7168 -13312 ) (2048 -7168 3072 ) (1024 -7168 3072 ) (1024 -7168 -13312 ) 
4 311 312 (1024 -6144 3072 ) (1024 -6144 -13312 ) (1024 -7168 -13312 ) (1024 -7168 3072 ) 
4 312 404 (0 -7168 -13312 ) (0 -7168 3072 ) (0 -6144 3072 ) (0 -6144 -13312 ) 
4 312 314 (0 -7168 3072 ) (0 -7168 -13312 ) (1024 -7168 -13312 ) (1024 -7168 3072 ) 
4 313 361 (2048 -8192 -13312 ) (2048 -8192 3072 ) (1024 -8192 3072 ) (1024 -8192 -13312 ) 
4 313 314 (1024 -7168 3072 ) (1024 -7168 -13312 ) (1024 -8192 -13312 ) (1024 -8192 3072 ) 
4 314 406 (0 -8192 -13312 ) (0 -8192 3072 ) (0 -7168 3072 ) (0 -7168 -13312 ) 
4 314 362 (1024 -8192 -13312 ) (1024 -8192 3072 ) (0 -8192 3072 ) (0 -8192 -13312 ) 
4 315 317 (12928 -9216 3072 ) (12288 -9216 3072 ) (12288 -9216 -13312 ) (12928 -9216 -13312 ) 
4 315 316 (12288 -8192 3072 ) (12288 -8192 -13312 ) (12288 -9216 -13312 ) (12288 -9216 3072 ) 
4 316 319 (11264 -8192 3072 ) (11264 -8192 -13312 ) (11264 -9216 -13312 ) (11264 -9216 3072 ) 
4 316 318 (12288 -9216 -13312 ) (12288 -9216 3072 ) (11264 -9216 3072 ) (11264 -9216 -13312 ) 
4 317 323 (12928 -10240 3072 ) (12288 -10240 3072 ) (12288 -10240 -13312 ) (12928 -10240 -13312 ) 
4 317 318 (12288 -9216 3072 ) (12288 -9216 -13312 ) (12288 -10240 -13312 ) (12288 -10240 3072 ) 
4 318 324 (12288 -10240 -13312 ) (12288 -10240 3072 ) (11264 -10240 3072 ) (11264 -10240 -13312 ) 
4 318 321 (11264 -10240 -13312 ) (11264 -10240 3072 ) (11264 -9216 3072 ) (11264 -9216 -13312 ) 
4 319 321 (11264 -9216 -13312 ) (11264 -9216 3072 ) (10240 -9216 3072 ) (10240 -9216 -13312 ) 
4 319 320 (10240 -8192 3072 ) (10240 -8192 -13312 ) (10240 -9216 -13312 ) (10240 -9216 3072 ) 
4 320 335 (9216 -8192 3072 ) (9216 -8192 -13312 ) (9216 -9216 -13312 ) (9216 -9216 3072 ) 
4 320 322 (10240 -9216 -13312 ) (10240 -9216 3072 ) (9216 -9216 3072 ) (9216 -9216 -13312 ) 
4 321 327 (11264 -10240 -13312 ) (11264 -10240 3072 ) (10240 -10240 3072 ) (10240 -10240 -13312 ) 
4 321 322 (10240 -9216 3072 ) (10240 -9216 -13312 ) (10240 -10240 -13312 ) (10240 -10240 3072 ) 
4 322 337 (9216 -10240 -13312 ) (9216 -10240 3072 ) (9216 -9216 3072 ) (9216 -9216 -13312 ) 
4 322 328 (10240 -10240 -13312 ) (10240 -10240 3072 ) (9216 -10240 3072 ) (9216 -10240 -13312 ) 
4 323 325 (12928 -11264 3072 ) (12288 -11264 3072 ) (12288 -11264 -13312 ) (12928 -11264 -13312 ) 
4 323 324 (12288 -10240 3072 ) (12288 -10240 -13312 ) (12288 -11264 -13312 ) (12288 -11264 3072 ) 
4 324 327 (11264 -10240 3072 ) (11264 -10240 -13312 ) (11264 -11264 -13312 ) (11264 -11264 3072 ) 
4 324 326 (12288 -11264 -13312 ) (12288 -11264 3072 ) (11264 -11264 3072 ) (11264 -11264 -13312 ) 
4 325 331 (12928 -12288 3072 ) (12288 -12288 3072 ) (12288 -12288 -13312 ) (12928 -12288 -13312 ) 
4 325 326 (12288 -11264 3072 ) (12288 -11264 -13312 ) (12288 -12288 -13312 ) (12288 -12288 3072 ) 
4 326 332 (12288 -12288 -13312 ) (12288 -12288 3072 ) (11264 -12288 3072 ) (11264 -12288 -13312 ) 
4 326 329 (11264 -12288 -13312 ) (11264 -12288 3072 ) (11264 -11264 3072 ) (11264 -11264 -13312 ) 
4 327 329 (11264 -11264 -13312 ) (11264 -11264 3072 ) (10240 -11264 3072 ) (10240 -11264 -13312 ) 
4 327 328 (10240 -10240 3072 ) (10240 -10240 -13312 ) (10240 -11264 -13312 ) (10240 -11264 3072 ) 
4 328 343 (9216 -11264 -13312 ) (9216 -11264 3072 ) (9216 -10240 3072 ) (9216 -10240 -13312 ) 
4 328 330 (10240 -11264 -13312 ) (10240 -11264 3072 ) (9216 -11264 3072 ) (9216 -11264 -13312 ) 
4 329 333 (11264 -12288 -13312 ) (11264 -12288 3072 ) (10240 -12288 3072 ) (10240 -12288 -13312 ) 
4 329 330 (10240 -11264 3072 ) (10240 -11264 -13312 ) (10240 -12288 -13312 ) (10240 -12288 3072 ) 
4 330 345 (9216 -12288 -13312 ) (9216 -12288 3072 ) (9216 -11264 3072 ) (9216 -11264 -13312 ) 
4 330 334 (10240 -12288 -13312 ) (10240 -12288 3072 ) (9216 -12288 3072 ) (9216 -12288 -13312 ) 
4 331 332 (12288 -12288 3072 ) (12288 -12288 -13312 ) (12288 -13248 -13312 ) (12288 -13248 3072 ) 
4 332 333 (11264 -12288 3072 ) (11264 -12288 -13312 ) (11264 -13248 -13312 ) (11264 -13248 3072 ) 
4 333 334 (10240 -12288 3072 ) (10240 -12288 -13312 ) (10240 -13248 -13312 ) (10240 -13248 3072 ) 
4 334 371 (9216 -13248 3072 ) (9216 -12288 3072 ) (9216 -12288 -13312 ) (9216 -13248 -13312 ) 
4 335 337 (9216 -9216 -13312 ) (9216 -9216 3072 ) (8192 -9216 3072 ) (8192 -9216 -13312 ) 
4 335 336 (8192 -8192 3072 ) (8192 -8192 -13312 ) (8192 -9216 -13312 ) (8192 -9216 3072 ) 
4 336 339 (7168 -8192 3072 ) (7168 -8192 -13312 ) (7168 -9216 -13312 ) (7168 -9216 3072 ) 
4 336 338 (8192 -9216 -13312 ) (8192 -9216 3072 ) (7168 -9216 3072 ) (7168 -9216 -13312 ) 
4 337 343 (9216 -10240 -13312 ) (9216 -10240 3072 ) (8192 -10240 3072 ) (8192 -10240 -13312 ) 
4 337 338 (8192 -9216 3072 ) (8192 -9216 -13312 ) (8192 -10240 -13312 ) (8192 -10240 3072 ) 
4 338 344 (8192 -10240 -13312 ) (8192 -10240 3072 ) (7168 -10240 3072 ) (7168 -10240 -13312 ) 
4 338 341 (7168 -10240 -13312 ) (7168 -10240 3072 ) (7168 -9216 3072 ) (7168 -9216 -13312 ) 
4 339 341 (7168 -9216 -13312 ) (7168 -9216 3072 ) (6144 -9216 3072 ) (6144 -9216 -13312 ) 
4 339 340 (6144 -8192 3072 ) (6144 -8192 -13312 ) (6144 -9216 -13312 ) (6144 -9216 3072 ) 
4 340 351 (5120 -8192 3072 ) (5120 -8192 -13312 ) (5120 -9216 -13312 ) (5120 -9216 3072 ) 
4 340 342 (6144 -9216 -13312 ) (6144 -9216 3072 ) (5120 -9216 3072 ) (5120 -9216 -13312 ) 
4 341 347 (7168 -10240 -13312 ) (7168 -10240 3072 ) (6144 -10240 3072 ) (6144 -10240 -13312 ) 
4 341 342 (6144 -9216 3072 ) (6144 -9216 -13312 ) (6144 -10240 -13312 ) (6144 -10240 3072 ) 
4 342 353 (5120 -10240 -13312 ) (5120 -10240 3072 ) (5120 -9216 3072 ) (5120 -9216 -13312 ) 
4 342 348 (6144 -10240 -13312 ) (6144 -10240 3072 ) (5120 -10240 3072 ) (5120 -10240 -13312 ) 
4 343 345 (9216 -11264 -13312 ) (9216 -11264 3072 ) (8192 -11264 3072 ) (8192 -11264 -13312 ) 
4 343 344 (8192 -10240 3072 ) (8192 -10240 -13312 ) (8192 -11264 -13312 ) (8192 -11264 3072 ) 
4 344 347 (7168 -10240 3072 ) (7168 -10240 -13312 ) (7168 -11264 -13312 ) (7168 -11264 3072 ) 
4 344 346 (8192 -11264 -13312 ) (8192 -11264 3072 ) (7168 -11264 3072 ) (7168 -11264 -13312 ) 
4 345 371 (9216 -12288 -13312 ) (9216 -12288 3072 ) (8192 -12288 3072 ) (8192 -12288 -13312 ) 
4 345 346 (8192 -11264 3072 ) (8192 -11264 -13312 ) (8192 -12288 -13312 ) (8192 -12288 3072 ) 
4 346 372 (8192 -12288 -13312 ) (8192 -12288 3072 ) (7168 -12288 3072 ) (7168 -12288 -13312 ) 
4 346 349 (7168 -12288 -13312 ) (7168 -12288 3072 ) (7168 -11264 3072 ) (7168 -11264 -13312 ) 
4 347 349 (7168 -11264 -13312 ) (7168 -11264 3072 ) (6144 -11264 3072 ) (6144 -11264 -13312 ) 
4 347 348 (6144 -10240 3072 ) (6144 -10240 -13312 ) (6144 -11264 -13312 ) (6144 -11264 3072 ) 
4 348 355 (5120 -11264 -13312 ) (5120 -11264 3072 ) (5120 -10240 3072 ) (5120 -10240 -13312 ) 
4 348 350 (6144 -11264 -13312 ) (6144 -11264 3072 ) (5120 -11264 3072 ) (5120 -11264 -13312 ) 
4 349 373 (7168 -12288 -13312 ) (7168 -12288 3072 ) (6144 -12288 3072 ) (6144 -12288 -13312 ) 
4 349 350 (6144 -11264 3072 ) (6144 -11264 -13312 ) (6144 -12288 -13312 ) (6144 -12288 3072 ) 
4 350 374 (6144 -12288 -13312 ) (6144 -12288 3072 ) (5120 -12288 3072 ) (5120 -12288 -13312 ) 
4 350 357 (5120 -12288 -13312 ) (5120 -12288 3072 ) (5120 -11264 3072 ) (5120 -11264 -13312 ) 
4 351 353 (5120 -9216 -13312 ) (5120 -9216 3072 ) (4096 -9216 3072 ) (4096 -9216 -13312 ) 
4 351 352 (4096 -8192 3072 ) (4096 -8192 -13312 ) (4096 -9216 -13312 ) (4096 -9216 3072 ) 
4 352 359 (3072 -9216 -13312 ) (3072 -9216 3072 ) (3072 -8192 3072 ) (3072 -8192 -13312 ) 
4 352 354 (3072 -9216 3072 ) (3072 -9216 -13312 ) (4096 -9216 -13312 ) (4096 -9216 3072 ) 
4 353 355 (5120 -10240 -13312 ) (5120 -10240 3072 ) (4096 -10240 3072 ) (4096 -10240 -13312 ) 
4 353 354 (4096 -9216 3072 ) (4096 -9216 -13312 ) (4096 -10240 -13312 ) (4096 -10240 3072 ) 
4 354 360 (3072 -10240 -13312 ) (3072 -10240 3072 ) (3072 -9216 3072 ) (3072 -9216 -13312 ) 
4 354 356 (4096 -10240 -13312 ) (4096 -10240 3072 ) (3072 -10240 3072 ) (3072 -10240 -13312 ) 
4 355 357 (5120 -11264 -13312 ) (5120 -11264 3072 ) (4096 -11264 3072 ) (4096 -11264 -13312 ) 
4 355 356 (4096 -11264 -13312 ) (4096 -11264 3072 ) (4096 -10240 3072 ) (4096 -10240 -13312 ) 
4 356 365 (3072 -11264 -13312 ) (3072 -11264 3072 ) (3072 -10240 3072 ) (3072 -10240 -13312 ) 
4 356 358 (3072 -11264 3072 ) (3072 -11264 -13312 ) (4096 -11264 -13312 ) (4096 -11264 3072 ) 
4 357 375 (5120 -12288 -13312 ) (5120 -12288 3072 ) (4096 -12288 3072 ) (4096 -12288 -13312 ) 
4 357 358 (4096 -11264 3072 ) (4096 -11264 -13312 ) (4096 -12288 -13312 ) (4096 -12288 3072 ) 
4 358 376 (4096 -12288 -13312 ) (4096 -12288 3072 ) (3072 -12288 3072 ) (3072 -12288 -13312 ) 
4 358 366 (3072 -12288 -13312 ) (3072 -12288 3072 ) (3072 -11264 3072 ) (3072 -11264 -13312 ) 
4 359 361 (2048 -9216 -13312 ) (2048 -9216 3072 ) (2048 -8192 3072 ) (2048 -8192 -13312 ) 
4 359 360 (3072 -9216 -13312 ) (3072 -9216 3072 ) (2048 -9216 3072 ) (2048 -9216 -13312 ) 
4 360 365 (3072 -10240 -13312 ) (3072 -10240 3072 ) (2048 -10240 3072 ) (2048 -10240 -13312 ) 
4 360 363 (2048 -10240 -13312 ) (2048 -10240 3072 ) (2048 -9216 3072 ) (2048 -9216 -13312 ) 
4 361 363 (2048 -9216 -13312 ) (2048 -9216 3072 ) (1024 -9216 3072 ) (1024 -9216 -13312 ) 
4 361 362 (1024 -9216 -13312 ) (1024 -9216 3072 ) (1024 -8192 3072 ) (1024 -8192 -13312 ) 
4 362 412 (0 -9216 -13312 ) (0 -9216 3072 ) (0 -8192 3072 ) (0 -8192 -13312 ) 
4 362 364 (0 -9216 3072 ) (0 -9216 -13312 ) (1024 -9216 -13312 ) (1024 -9216 3072 ) 
4 363 367 (2048 -10240 -13312 ) (2048 -10240 3072 ) (1024 -10240 3072 ) (1024 -10240 -13312 ) 
4 363 364 (1024 -9216 3072 ) (1024 -9216 -13312 ) (1024 -10240 -13312 ) (1024 -10240 3072 ) 
4 364 414 (0 -10240 -13312 ) (0 -10240 3072 ) (0 -9216 3072 ) (0 -9216 -13312 ) 
4 364 368 (0 -10240 3072 ) (0 -10240 -13312 ) (1024 -10240 -13312 ) (1024 -10240 3072 ) 
4 365 367 (2048 -10240 3072 ) (2048 -10240 -13312 ) (2048 -11264 -13312 ) (2048 -11264 3072 ) 
4 365 366 (3072 -11264 -13312 ) (3072 -11264 3072 ) (2048 -11264 3072 ) (2048 -11264 -13312 ) 
4 366 377 (3072 -12288 -13312 ) (3072 -12288 3072 ) (2048 -12288 3072 ) (2048 -12288 -13312 ) 
4 366 369 (2048 -12288 -13312 ) (2048 -12288 3072 ) (2048 -11264 3072 ) (2048 -11264 -13312 ) 
4 367 369 (2048 -11264 -13312 ) (2048 -11264 3072 ) (1024 -11264 3072 ) (1024 -11264 -13312 ) 
4 367 368 (1024 -10240 3072 ) (1024 -10240 -13312 ) (1024 -11264 -13312 ) (1024 -11264 3072 ) 
4 368 420 (0 -11264 -13312 ) (0 -11264 3072 ) (0 -10240 3072 ) (0 -10240 -13312 ) 
4 368 370 (0 -11264 3072 ) (0 -11264 -13312 ) (1024 -11264 -13312 ) (1024 -11264 3072 ) 
4 369 378 (2048 -12288 -13312 ) (2048 -12288 3072 ) (1024 -12288 3072 ) (1024 -12288 -13312 ) 
4 369 370 (1024 -11264 3072 ) (1024 -11264 -13312 ) (1024 -12288 -13312 ) (1024 -12288 3072 ) 
4 370 422 (0 -12288 -13312 ) (0 -12288 3072 ) (0 -11264 3072 ) (0 -11264 -13312 ) 
4 370 379 (1024 -12288 -13312 ) (1024 -12288 3072 ) (0 -12288 3072 ) (0 -12288 -13312 ) 
4 371 372 (8192 -12288 3072 ) (8192 -12288 -13312 ) (8192 -13248 -13312 ) (8192 -13248 3072 ) 
4 372 373 (7168 -12288 3072 ) (7168 -12288 -13312 ) (7168 -13248 -13312 ) (7168 -13248 3072 ) 
4 373 374 (6144 -12288 3072 ) (6144 -12288 -13312 ) (6144 -13248 -13312 ) (6144 -13248 3072 ) 
4 374 375 (5120 -12288 3072 ) (5120 -12288 -13312 ) (5120 -13248 -13312 ) (5120 -13248 3072 ) 
4 375 376 (4096 -12288 3072 ) (4096 -12288 -13312 ) (4096 -13248 -13312 ) (4096 -13248 3072 ) 
4 376 377 (3072 -12288 3072 ) (3072 -12288 -13312 ) (3072 -13248 -13312 ) (3072 -13248 3072 ) 
4 377 378 (2048 -13248 3072 ) (2048 -12288 3072 ) (2048 -12288 -13312 ) (2048 -13248 -13312 ) 
4 378 379 (1024 -13248 3072 ) (1024 -12288 3072 ) (1024 -12288 -13312 ) (1024 -13248 -13312 ) 
4 379 428 (0 -13248 3072 ) (0 -12288 3072 ) (0 -12288 -13312 ) (0 -13248 -13312 ) 
4 380 382 (0 -1024 -13312 ) (0 -1024 3072 ) (-1024 -1024 3072 ) (-1024 -1024 -13312 ) 
4 380 381 (-1024 0 3072 ) (-1024 0 -13312 ) (-1024 -1024 -13312 ) (-1024 -1024 3072 ) 
4 381 384 (-2048 0 3072 ) (-2048 0 -13312 ) (-2048 -1024 -13312 ) (-2048 -1024 3072 ) 
4 381 383 (-1024 -1024 -13312 ) (-1024 -1024 3072 ) (-2048 -1024 3072 ) (-2048 -1024 -13312 ) 
4 382 388 (0 -2048 -13312 ) (0 -2048 3072 ) (-1024 -2048 3072 ) (-1024 -2048 -13312 ) 
4 382 383 (-1024 -1024 3072 ) (-1024 -1024 -13312 ) (-1024 -2048 -13312 ) (-1024 -2048 3072 ) 
4 383 389 (-1024 -2048 -13312 ) (-1024 -2048 3072 ) (-2048 -2048 3072 ) (-2048 -2048 -13312 ) 
4 383 386 (-2048 -2048 -13312 ) (-2048 -2048 3072 ) (-2048 -1024 3072 ) (-2048 -1024 -13312 ) 
4 384 386 (-2048 -1024 -13312 ) (-2048 -1024 3072 ) (-3072 -1024 3072 ) (-3072 -1024 -13312 ) 
4 384 385 (-3072 0 3072 ) (-3072 0 -13312 ) (-3072 -1024 -13312 ) (-3072 -1024 3072 ) 
4 385 387 (-3072 -1024 -13312 ) (-3072 -1024 3072 ) (-3904 -1024 3072 ) (-3904 -1024 -13312 ) 
4 386 392 (-2048 -2048 -13312 ) (-2048 -2048 3072 ) (-3072 -2048 3072 ) (-3072 -2048 -13312 ) 
4 386 387 (-3072 -1024 3072 ) (-3072 -1024 -13312 ) (-3072 -2048 -13312 ) (-3072 -2048 3072 ) 
4 387 393 (-3072 -2048 -13312 ) (-3072 -2048 3072 ) (-3904 -2048 3072 ) (-3904 -2048 -13312 ) 
4 388 390 (0 -3072 -13312 ) (0 -3072 3072 ) (-1024 -3072 3072 ) (-1024 -3072 -13312 ) 
4 388 389 (-1024 -2048 3072 ) (-1024 -2048 -13312 ) (-1024 -3072 -13312 ) (-1024 -3072 3072 ) 
4 389 392 (-2048 -2048 3072 ) (-2048 -2048 -13312 ) (-2048 -3072 -13312 ) (-2048 -3072 3072 ) 
4 389 391 (-1024 -3072 -13312 ) (-1024 -3072 3072 ) (-2048 -3072 3072 ) (-2048 -3072 -13312 ) 
4 390 396 (0 -4096 -13312 ) (0 -4096 3072 ) (-1024 -4096 3072 ) (-1024 -4096 -13312 ) 
4 390 391 (-1024 -3072 3072 ) (-1024 -3072 -13312 ) (-1024 -4096 -13312 ) (-1024 -4096 3072 ) 
4 391 397 (-1024 -4096 -13312 ) (-1024 -4096 3072 ) (-2048 -4096 3072 ) (-2048 -4096 -13312 ) 
4 391 394 (-2048 -4096 -13312 ) (-2048 -4096 3072 ) (-2048 -3072 3072 ) (-2048 -3072 -13312 ) 
4 392 394 (-2048 -3072 -13312 ) (-2048 -3072 3072 ) (-3072 -3072 3072 ) (-3072 -3072 -13312 ) 
4 392 393 (-3072 -2048 3072 ) (-3072 -2048 -13312 ) (-3072 -3072 -13312 ) (-3072 -3072 3072 ) 
4 393 395 (-3072 -3072 -13312 ) (-3072 -3072 3072 ) (-3904 -3072 3072 ) (-3904 -3072 -13312 ) 
4 394 400 (-2048 -4096 -13312 ) (-2048 -4096 3072 ) (-3072 -4096 3072 ) (-3072 -4096 -13312 ) 
4 394 395 (-3072 -3072 3072 ) (-3072 -3072 -13312 ) (-3072 -4096 -13312 ) (-3072 -4096 3072 ) 
4 395 401 (-3072 -4096 -13312 ) (-3072 -4096 3072 ) (-3904 -4096 3072 ) (-3904 -4096 -13312 ) 
4 396 398 (0 -5120 -13312 ) (0 -5120 3072 ) (-1024 -5120 3072 ) (-1024 -5120 -13312 ) 
4 396 397 (-1024 -4096 3072 ) (-1024 -4096 -13312 ) (-1024 -5120 -13312 ) (-1024 -5120 3072 ) 
4 397 400 (-2048 -4096 3072 ) (-2048 -4096 -13312 ) (-2048 -5120 -13312 ) (-2048 -5120 3072 ) 
4 397 399 (-1024 -5120 -13312 ) (-1024 -5120 3072 ) (-2048 -5120 3072 ) (-2048 -5120 -13312 ) 
4 398 404 (0 -6144 -13312 ) (0 -6144 3072 ) (-1024 -6144 3072 ) (-1024 -6144 -13312 ) 
4 398 399 (-1024 -5120 3072 ) (-1024 -5120 -13312 ) (-1024 -6144 -13312 ) (-1024 -6144 3072 ) 
4 399 405 (-1024 -6144 -13312 ) (-1024 -6144 3072 ) (-2048 -6144 3072 ) (-2048 -6144 -13312 ) 
4 399 402 (-2048 -6144 -13312 ) (-2048 -6144 3072 ) (-2048 -5120 3072 ) (-2048 -5120 -13312 ) 
4 400 402 (-2048 -5120 -13312 ) (-2048 -5120 3072 ) (-3072 -5120 3072 ) (-3072 -5120 -13312 ) 
4 400 401 (-3072 -4096 3072 ) (-3072 -4096 -13312 ) (-3072 -5120 -13312 ) (-3072 -5120 3072 ) 
4 401 403 (-3072 -5120 -13312 ) (-3072 -5120 3072 ) (-3904 -5120 3072 ) (-3904 -5120 -13312 ) 
4 402 408 (-2048 -6144 -13312 ) (-2048 -6144 3072 ) (-3072 -6144 3072 ) (-3072 -6144 -13312 ) 
4 402 403 (-3072 -5120 3072 ) (-3072 -5120 -13312 ) (-3072 -6144 -13312 ) (-3072 -6144 3072 ) 
4 403 409 (-3072 -6144 -13312 ) (-3072 -6144 3072 ) (-3904 -6144 3072 ) (-3904 -6144 -13312 ) 
4 404 406 (0 -7168 -13312 ) (0 -7168 3072 ) (-1024 -7168 3072 ) (-1024 -7168 -13312 ) 
4 404 405 (-1024 -6144 3072 ) (-1024 -6144 -13312 ) (-1024 -7168 -13312 ) (-1024 -7168 3072 ) 
4 405 408 (-2048 -6144 3072 ) (-2048 -6144 -13312 ) (-2048 -7168 -13312 ) (-2048 -7168 3072 ) 
4 405 407 (-1024 -7168 -13312 ) (-1024 -7168 3072 ) (-2048 -7168 3072 ) (-2048 -7168 -13312 ) 
4 406 412 (0 -8192 -13312 ) (0 -8192 3072 ) (-1024 -8192 3072 ) (-1024 -8192 -13312 ) 
4 406 407 (-1024 -7168 3072 ) (-1024 -7168 -13312 ) (-1024 -8192 -13312 ) (-1024 -8192 3072 ) 
4 407 413 (-1024 -8192 -13312 ) (-1024 -8192 3072 ) (-2048 -8192 3072 ) (-2048 -8192 -13312 ) 
4 407 410 (-2048 -8192 -13312 ) (-2048 -8192 3072 ) (-2048 -7168 3072 ) (-2048 -7168 -13312 ) 
4 408 410 (-2048 -7168 -13312 ) (-2048 -7168 3072 ) (-3072 -7168 3072 ) (-3072 -7168 -13312 ) 
4 408 409 (-3072 -6144 3072 ) (-3072 -6144 -13312 ) (-3072 -7168 -13312 ) (-3072 -7168 3072 ) 
4 409 411 (-3072 -7168 -13312 ) (-3072 -7168 3072 ) (-3904 -7168 3072 ) (-3904 -7168 -13312 ) 
4 410 416 (-2048 -8192 -13312 ) (-2048 -8192 3072 ) (-3072 -8192 3072 ) (-3072 -8192 -13312 ) 
4 410 411 (-3072 -7168 3072 ) (-3072 -7168 -13312 ) (-3072 -8192 -13312 ) (-3072 -8192 3072 ) 
4 411 417 (-3072 -8192 -13312 ) (-3072 -8192 3072 ) (-3904 -8192 3072 ) (-3904 -8192 -13312 ) 
4 412 414 (0 -9216 -13312 ) (0 -9216 3072 ) (-1024 -9216 3072 ) (-1024 -9216 -13312 ) 
4 412 413 (-1024 -8192 3072 ) (-1024 -8192 -13312 ) (-1024 -9216 -13312 ) (-1024 -9216 3072 ) 
4 413 416 (-2048 -8192 3072 ) (-2048 -8192 -13312 ) (-2048 -9216 -13312 ) (-2048 -9216 3072 ) 
4 413 415 (-1024 -9216 -13312 ) (-1024 -9216 3072 ) (-2048 -9216 3072 ) (-2048 -9216 -13312 ) 
4 414 420 (0 -10240 -13312 ) (0 -10240 3072 ) (-1024 -10240 3072 ) (-1024 -10240 -13312 ) 
4 414 415 (-1024 -9216 3072 ) (-1024 -9216 -13312 ) (-1024 -10240 -13312 ) (-1024 -10240 3072 ) 
4 415 421 (-1024 -10240 -13312 ) (-1024 -10240 3072 ) (-2048 -10240 3072 ) (-2048 -10240 -13312 ) 
4 415 418 (-2048 -10240 -13312 ) (-2048 -10240 3072 ) (-2048 -9216 3072 ) (-2048 -9216 -13312 ) 
4 416 418 (-2048 -9216 -13312 ) (-2048 -9216 3072 ) (-3072 -9216 3072 ) (-3072 -9216 -13312 ) 
4 416 417 (-3072 -8192 3072 ) (-3072 -8192 -13312 ) (-3072 -9216 -13312 ) (-3072 -9216 3072 ) 
4 417 419 (-3072 -9216 -13312 ) (-3072 -9216 3072 ) (-3904 -9216 3072 ) (-3904 -9216 -13312 ) 
4 418 424 (-2048 -10240 -13312 ) (-2048 -10240 3072 ) (-3072 -10240 3072 ) (-3072 -10240 -13312 ) 
4 418 419 (-3072 -9216 3072 ) (-3072 -9216 -13312 ) (-3072 -10240 -13312 ) (-3072 -10240 3072 ) 
4 419 425 (-3072 -10240 -13312 ) (-3072 -10240 3072 ) (-3904 -10240 3072 ) (-3904 -10240 -13312 ) 
4 420 422 (0 -11264 -13312 ) (0 -11264 3072 ) (-1024 -11264 3072 ) (-1024 -11264 -13312 ) 
4 420 421 (-1024 -10240 3072 ) (-1024 -10240 -13312 ) (-1024 -11264 -13312 ) (-1024 -11264 3072 ) 
4 421 424 (-2048 -10240 3072 ) (-2048 -10240 -13312 ) (-2048 -11264 -13312 ) (-2048 -11264 3072 ) 
4 421 423 (-1024 -11264 -13312 ) (-1024 -11264 3072 ) (-2048 -11264 3072 ) (-2048 -11264 -13312 ) 
4 422 428 (0 -12288 -13312 ) (0 -12288 3072 ) (-1024 -12288 3072 ) (-1024 -12288 -13312 ) 
4 422 423 (-1024 -11264 3072 ) (-1024 -11264 -13312 ) (-1024 -12288 -13312 ) (-1024 -12288 3072 ) 
4 423 429 (-1024 -12288 -13312 ) (-1024 -12288 3072 ) (-2048 -12288 3072 ) (-2048 -12288 -13312 ) 
4 423 426 (-2048 -12288 -13312 ) (-2048 -12288 3072 ) (-2048 -11264 3072 ) (-2048 -11264 -13312 ) 
4 424 426 (-2048 -11264 -13312 ) (-2048 -11264 3072 ) (-3072 -11264 3072 ) (-3072 -11264 -13312 ) 
4 424 425 (-3072 -10240 3072 ) (-3072 -10240 -13312 ) (-3072 -11264 -13312 ) (-3072 -11264 3072 ) 
4 425 427 (-3072 -11264 -13312 ) (-3072 -11264 3072 ) (-3904 -11264 3072 ) (-3904 -11264 -13312 ) 
4 426 430 (-2048 -12288 -13312 ) (-2048 -12288 3072 ) (-3072 -12288 3072 ) (-3072 -12288 -13312 ) 
4 426 427 (-3072 -11264 3072 ) (-3072 -11264 -13312 ) (-3072 -12288 -13312 ) (-3072 -12288 3072 ) 
4 427 431 (-3072 -12288 -13312 ) (-3072 -12288 3072 ) (-3904 -12288 3072 ) (-3904 -12288 -13312 ) 
4 428 429 (-1024 -12288 3072 ) (-1024 -12288 -13312 ) (-1024 -13248 -13312 ) (-1024 -13248 3072 ) 
4 429 430 (-2048 -12288 3072 ) (-2048 -12288 -13312 ) (-2048 -13248 -13312 ) (-2048 -13248 3072 ) 
4 430 431 (-3072 -12288 3072 ) (-3072 -12288 -13312 ) (-3072 -13248 -13312 ) (-3072 -13248 3072 ) 
