qdir:    "c:\program files (x86)\steam\steamapps\common\counter-strike global offensive\csgo\modelsrc\surf_marvin\ramps\stage_02\ramp_05\"
gamedir: "C:\Program Files (x86)\Steam\steamapps\common\Counter-Strike Global Offensive\csgo\"
g_path:  "C:\Program Files (x86)\Steam\steamapps\common\Counter-Strike Global Offensive\csgo\modelsrc\surf_marvin\ramps\stage_02\ramp_05\ramp_05.qc"
Building binary model files...
Working on "ramp_05.qc"
SMD MODEL Viewmode.smd
SMD MODEL Collision.smd
SMD MODEL anims/idle.smd
Processing LOD for material: devgridgreen
Model has 144 convex sub-parts
WARNING: PERFORMANCE (): Collision model will not support the fastest tracing code
Collision model completed.
---------------------
writing C:\Program Files (x86)\Steam\steamapps\common\Counter-Strike Global Offensive\csgo\models/surf_marvin/ramps/stage_02/ramp_05.mdl:
bones          964 bytes (1)
   animation       x       y       ips    angle
animations     112 bytes (1 anims) (1 frames) [0:00]
sequences      220 bytes (1 seq) 
hdr@005DF25C=7A0C0200
ik/pose        164 bytes
eyeballs         0 bytes (0 eyeballs)
flexes           0 bytes (0 flexes)
hdr@005DF25C=7A0C0200
textures        72 bytes
keyvalues      180 bytes
hdr@005DF254=7A0C0398
hdr@005DF25C=7A0C0200
bone transforms        0 bytes
bone flex driver       0 bytes
bodygroup presets       0 bytes
Collision model volume 214724128.00 in^3
collision        0 bytes
total         1948
---------------------
writing C:\Program Files (x86)\Steam\steamapps\common\Counter-Strike Global Offensive\csgo\models/surf_marvin/ramps/stage_02/ramp_05.vvd:
vertices    304704 bytes (6348 vertices)
tangents    101568 bytes (6348 vertices)
total       406336 bytes
---------------------
Generating optimized mesh "C:\Program Files (x86)\Steam\steamapps\common\Counter-Strike Global Offensive\csgo\models/surf_marvin/ramps/stage_02/ramp_05.dx90.vtx":
body parts:         8 bytes
models:            20 bytes
model LODs:        12 bytes
meshes:             9 bytes
strip groups:      33 bytes
strips:            35 bytes
verts:          57132 bytes
indices:        19044 bytes
bone changes:      16 bytes
everything:     76333 bytes
WARNING: ConVarRef r_staticlight_streams doesn't point to an existing ConVar
WARNING: ConVarRef r_staticlight_streams_indirect_only doesn't point to an existing ConVar

Completed "ramp_05.qc"



